mode: set
go-source/config/config.go:14.49,16.31 1 0
go-source/config/config.go:16.31,19.3 2 0
go-source/config/config.go:21.2,22.37 2 0
go-source/config/config.go:22.37,24.3 1 0
go-source/config/config.go:26.2,27.8 2 0
go-source/config/config.go:30.34,32.2 1 0
go-source/main.go:15.13,32.48 12 0
go-source/main.go:32.48,34.3 1 0
go-source/docs/doc.go:68.13,70.2 1 0
go-source/api/http/server.go:19.34,23.2 3 0
go-source/api/http/server.go:32.29,34.2 1 0
go-source/api/http/server.go:36.40,39.12 3 0
go-source/api/http/server.go:39.12,41.58 2 0
go-source/api/http/server.go:41.58,43.4 1 0
go-source/api/http/server.go:45.2,45.39 1 0
go-source/pkg/adapters/entity.go:11.79,16.2 1 0
go-source/pkg/client/client.go:50.121,59.25 2 0
go-source/pkg/client/client.go:59.25,60.20 1 0
go-source/pkg/client/client.go:61.33,62.61 1 0
go-source/pkg/client/client.go:63.32,64.58 1 0
go-source/pkg/client/client.go:65.36,66.80 1 0
go-source/pkg/client/client.go:67.37,68.83 1 0
go-source/pkg/client/client.go:69.36,70.88 1 0
go-source/pkg/client/client.go:75.2,100.15 14 0
go-source/pkg/client/client.go:103.84,117.24 9 0
go-source/pkg/client/client.go:117.24,121.39 2 0
go-source/pkg/client/client.go:121.39,123.4 1 0
go-source/pkg/client/client.go:125.3,125.86 1 0
go-source/pkg/client/client.go:125.86,127.4 1 0
go-source/pkg/client/client.go:127.9,129.4 1 0
go-source/pkg/client/client.go:131.3,131.71 1 0
go-source/pkg/client/client.go:131.71,132.82 1 0
go-source/pkg/client/client.go:132.82,134.5 1 0
go-source/pkg/client/client.go:134.10,136.5 1 0
go-source/pkg/client/client.go:143.3,144.43 2 0
go-source/pkg/client/client.go:144.43,146.4 1 0
go-source/pkg/client/client.go:148.3,148.98 1 0
go-source/pkg/client/client.go:148.98,150.4 1 0
go-source/pkg/client/client.go:150.9,152.4 1 0
go-source/pkg/client/client.go:154.3,154.71 1 0
go-source/pkg/client/client.go:154.71,155.90 1 0
go-source/pkg/client/client.go:155.90,157.5 1 0
go-source/pkg/client/client.go:157.10,159.5 1 0
go-source/pkg/client/client.go:164.2,171.29 2 0
go-source/pkg/client/client.go:171.29,173.3 1 0
go-source/pkg/client/client.go:175.2,175.12 1 0
go-source/pkg/client/client.go:178.86,188.44 5 0
go-source/pkg/client/client.go:188.44,190.3 1 0
go-source/pkg/client/client.go:192.2,198.45 5 0
go-source/pkg/client/client.go:198.45,200.3 1 0
go-source/pkg/client/client.go:200.8,202.3 1 0
go-source/pkg/client/client.go:204.2,205.16 2 0
go-source/pkg/client/client.go:205.16,207.3 1 0
go-source/pkg/client/client.go:209.2,209.24 1 0
go-source/pkg/client/client.go:209.24,212.39 2 0
go-source/pkg/client/client.go:212.39,214.4 1 0
go-source/pkg/client/client.go:216.3,216.86 1 0
go-source/pkg/client/client.go:216.86,218.4 1 0
go-source/pkg/client/client.go:218.9,220.4 1 0
go-source/pkg/client/client.go:222.3,222.71 1 0
go-source/pkg/client/client.go:222.71,223.82 1 0
go-source/pkg/client/client.go:223.82,225.5 1 0
go-source/pkg/client/client.go:225.10,227.5 1 0
go-source/pkg/client/client.go:234.3,235.40 2 0
go-source/pkg/client/client.go:235.40,237.4 1 0
go-source/pkg/client/client.go:239.3,239.88 1 0
go-source/pkg/client/client.go:239.88,241.4 1 0
go-source/pkg/client/client.go:241.9,243.4 1 0
go-source/pkg/client/client.go:245.3,245.72 1 0
go-source/pkg/client/client.go:245.72,246.83 1 0
go-source/pkg/client/client.go:246.83,248.5 1 0
go-source/pkg/client/client.go:248.10,250.5 1 0
go-source/pkg/client/client.go:257.3,258.43 2 0
go-source/pkg/client/client.go:258.43,260.4 1 0
go-source/pkg/client/client.go:262.3,262.98 1 0
go-source/pkg/client/client.go:262.98,264.4 1 0
go-source/pkg/client/client.go:264.9,266.4 1 0
go-source/pkg/client/client.go:268.3,268.71 1 0
go-source/pkg/client/client.go:268.71,269.90 1 0
go-source/pkg/client/client.go:269.90,271.5 1 0
go-source/pkg/client/client.go:271.10,273.5 1 0
go-source/pkg/client/client.go:277.2,299.38 2 0
go-source/pkg/client/client.go:299.38,301.18 2 0
go-source/pkg/client/client.go:301.18,303.5 1 0
go-source/pkg/client/client.go:305.4,305.60 1 0
go-source/pkg/client/client.go:309.2,309.44 1 0
go-source/pkg/client/client.go:309.44,310.31 1 0
go-source/pkg/client/client.go:310.31,312.4 1 0
go-source/pkg/client/client.go:314.3,314.62 1 0
go-source/pkg/client/client.go:317.2,317.12 1 0
go-source/pkg/client/client.go:320.73,325.2 4 0
go-source/pkg/client/client.go:327.102,328.26 1 0
go-source/pkg/client/client.go:328.26,330.3 1 0
go-source/pkg/client/client.go:332.2,332.21 1 0
go-source/pkg/client/client.go:332.21,334.3 1 0
go-source/pkg/client/client.go:336.2,337.16 2 0
go-source/pkg/client/client.go:337.16,339.3 1 0
go-source/pkg/client/client.go:341.2,341.19 1 0
go-source/pkg/client/client.go:341.19,343.3 1 0
go-source/pkg/client/client.go:345.2,346.35 2 0
go-source/pkg/client/client.go:346.35,347.44 1 0
go-source/pkg/client/client.go:347.44,348.12 1 0
go-source/pkg/client/client.go:351.3,354.19 3 0
go-source/pkg/client/client.go:354.19,355.12 1 0
go-source/pkg/client/client.go:358.3,359.17 2 0
go-source/pkg/client/client.go:359.17,361.4 1 0
go-source/pkg/client/client.go:363.3,364.17 2 0
go-source/pkg/client/client.go:364.17,366.4 1 0
go-source/pkg/client/client.go:369.2,369.21 1 0
go-source/pkg/client/client.go:372.59,373.16 1 0
go-source/pkg/client/client.go:373.16,375.3 1 0
go-source/pkg/client/client.go:377.2,378.16 2 0
go-source/pkg/client/client.go:378.16,380.3 1 0
go-source/pkg/client/client.go:382.2,384.31 3 0
go-source/pkg/client/client.go:387.110,388.27 1 0
go-source/pkg/client/client.go:388.27,390.3 1 0
go-source/pkg/client/client.go:392.2,395.31 3 0
go-source/pkg/client/client.go:395.31,397.3 1 0
go-source/pkg/client/client.go:399.2,399.38 1 0
go-source/pkg/client/client.go:399.38,400.38 1 0
go-source/pkg/client/client.go:400.38,402.18 2 0
go-source/pkg/client/client.go:402.18,404.5 1 0
go-source/pkg/client/client.go:406.4,406.42 1 0
go-source/pkg/client/client.go:407.9,409.4 1 0
go-source/pkg/client/client.go:412.2,412.20 1 0
go-source/pkg/client/client.go:415.63,417.38 2 0
go-source/pkg/client/client.go:417.38,419.3 1 0
go-source/pkg/client/client.go:420.2,420.15 1 0
go-source/pkg/client/sensitive.go:20.40,22.2 1 0
go-source/pkg/client/sensitive.go:24.13,27.2 2 0
go-source/pkg/client/sensitive.go:29.61,30.51 1 0
go-source/pkg/client/sensitive.go:30.51,31.30 1 0
go-source/pkg/client/sensitive.go:31.30,33.4 1 0
go-source/pkg/client/sensitive.go:35.2,35.14 1 0
go-source/pkg/client/sensitive.go:38.57,40.2 1 0
go-source/pkg/client/sensitive.go:42.60,43.51 1 0
go-source/pkg/client/sensitive.go:43.51,44.30 1 0
go-source/pkg/client/sensitive.go:44.30,47.4 2 0
go-source/pkg/client/sensitive.go:51.55,53.2 1 0
go-source/pkg/client/sensitive.go:55.61,57.2 1 0
go-source/pkg/client/sensitive.go:59.48,61.2 1 0
go-source/pkg/client/sensitive.go:63.67,64.51 1 0
go-source/pkg/client/sensitive.go:64.51,66.19 2 0
go-source/pkg/client/sensitive.go:66.19,67.12 1 0
go-source/pkg/client/sensitive.go:70.3,70.56 1 0
go-source/pkg/client/sensitive.go:72.2,72.13 1 0
go-source/pkg/client/utils.go:7.60,7.61 0 0
go-source/pkg/client/utils.go:10.59,10.60 0 0
go-source/pkg/client/utils.go:13.60,13.61 0 0
go-source/pkg/client/utils.go:16.59,16.60 0 0
go-source/pkg/binding/binding.go:15.67,16.34 1 0
go-source/pkg/binding/binding.go:16.34,18.3 1 0
go-source/pkg/binding/binding.go:20.2,20.51 1 0
go-source/pkg/binding/binding.go:20.51,22.3 1 0
go-source/pkg/binding/binding.go:24.2,24.12 1 0
go-source/pkg/binding/binding.go:27.33,29.2 1 0
go-source/pkg/codegen/generator.go:63.51,65.28 1 0
go-source/pkg/codegen/generator.go:65.28,67.3 1 0
go-source/pkg/codegen/generator.go:70.2,70.20 1 0
go-source/pkg/codegen/generator.go:70.20,72.3 1 0
go-source/pkg/codegen/generator.go:75.2,75.58 1 0
go-source/pkg/codegen/generator.go:75.58,77.3 1 0
go-source/pkg/codegen/generator.go:79.2,79.27 1 0
go-source/pkg/codegen/generator.go:79.27,81.3 1 0
go-source/pkg/codegen/generator.go:84.2,84.56 1 0
go-source/pkg/codegen/generator.go:84.56,86.3 1 0
go-source/pkg/codegen/generator.go:89.2,89.56 1 0
go-source/pkg/codegen/generator.go:89.56,91.3 1 0
go-source/pkg/codegen/generator.go:94.2,94.26 1 0
go-source/pkg/codegen/generator.go:94.26,96.27 2 0
go-source/pkg/codegen/generator.go:96.27,98.4 1 0
go-source/pkg/codegen/generator.go:100.3,100.61 1 0
go-source/pkg/codegen/generator.go:100.61,102.4 1 0
go-source/pkg/codegen/generator.go:103.8,105.3 1 0
go-source/pkg/codegen/generator.go:107.2,114.8 1 0
go-source/pkg/codegen/generator.go:117.21,124.2 1 0
go-source/pkg/codegen/generator.go:126.48,127.18 1 0
go-source/pkg/codegen/generator.go:127.18,129.3 1 0
go-source/pkg/codegen/generator.go:131.2,131.61 1 0
go-source/pkg/codegen/generator.go:131.61,133.3 1 0
go-source/pkg/codegen/generator.go:135.2,138.30 3 0
go-source/pkg/codegen/generator.go:138.30,140.3 1 0
go-source/pkg/codegen/generator.go:142.2,142.19 1 0
go-source/pkg/codegen/generator.go:146.32,148.24 2 0
go-source/pkg/codegen/generator.go:148.24,149.23 1 0
go-source/pkg/codegen/generator.go:149.23,151.4 1 0
go-source/pkg/codegen/generator.go:154.2,154.52 1 0
go-source/pkg/codegen/generator.go:158.52,159.24 1 0
go-source/pkg/codegen/generator.go:159.24,162.3 2 0
go-source/pkg/codegen/generator.go:164.2,166.10 3 0
go-source/pkg/codegen/generator.go:170.51,171.16 1 0
go-source/pkg/codegen/generator.go:171.16,174.3 2 0
go-source/pkg/codegen/generator.go:176.2,177.10 2 0
go-source/pkg/codegen/generator.go:181.55,182.23 1 0
go-source/pkg/codegen/generator.go:182.23,185.3 2 0
go-source/pkg/codegen/generator.go:187.2,187.30 1 0
go-source/pkg/codegen/generator.go:187.30,190.3 2 0
go-source/pkg/codegen/generator.go:192.2,193.10 2 0
go-source/pkg/codegen/generator.go:197.53,198.22 1 0
go-source/pkg/codegen/generator.go:198.22,201.3 2 0
go-source/pkg/codegen/generator.go:203.2,203.29 1 0
go-source/pkg/codegen/generator.go:203.29,206.3 2 0
go-source/pkg/codegen/generator.go:208.2,209.10 2 0
go-source/pkg/codegen/generator.go:213.53,214.22 1 0
go-source/pkg/codegen/generator.go:214.22,217.3 2 0
go-source/pkg/codegen/generator.go:219.2,219.29 1 0
go-source/pkg/codegen/generator.go:219.29,222.3 2 0
go-source/pkg/codegen/generator.go:224.2,225.10 2 0
go-source/pkg/codegen/generator.go:229.55,230.23 1 0
go-source/pkg/codegen/generator.go:230.23,233.3 2 0
go-source/pkg/codegen/generator.go:235.2,236.26 2 0
go-source/pkg/codegen/generator.go:236.26,239.3 2 0
go-source/pkg/codegen/generator.go:241.2,241.56 1 0
go-source/pkg/codegen/generator.go:241.56,243.3 1 0
go-source/pkg/codegen/generator.go:245.2,246.10 2 0
go-source/pkg/codegen/utils.go:12.48,14.2 1 0
go-source/pkg/codegen/utils.go:17.41,19.2 1 0
go-source/pkg/codegen/utils.go:22.67,25.2 2 0
go-source/pkg/codegen/utils.go:28.36,29.22 1 0
go-source/pkg/codegen/utils.go:29.22,30.50 1 0
go-source/pkg/codegen/utils.go:30.50,32.4 1 0
go-source/pkg/codegen/utils.go:34.2,34.13 1 0
go-source/pkg/codegen/utils.go:38.35,41.2 2 0
go-source/pkg/client/middlewares/region.go:12.83,15.9 3 0
go-source/pkg/client/middlewares/region.go:15.9,17.3 1 0
go-source/pkg/client/middlewares/region.go:19.2,20.12 2 0
go-source/pkg/database/redis/redis.go:34.75,37.32 2 0
go-source/pkg/database/redis/redis.go:37.32,39.17 2 0
go-source/pkg/database/redis/redis.go:39.17,41.4 1 0
go-source/pkg/database/redis/redis.go:44.2,44.28 1 0
go-source/pkg/database/redis/redis.go:44.28,53.17 3 0
go-source/pkg/database/redis/redis.go:53.17,62.4 3 0
go-source/pkg/database/redis/redis.go:64.3,75.4 4 0
go-source/pkg/database/redis/redis.go:78.2,78.33 1 0
go-source/pkg/database/redis/redis.go:81.28,83.2 1 0
go-source/pkg/database/redis/redis.go:85.52,87.2 1 0
go-source/pkg/database/redis/redis.go:89.86,90.21 1 0
go-source/pkg/database/redis/redis.go:90.21,92.3 1 0
go-source/pkg/database/redis/redis.go:94.2,95.16 2 0
go-source/pkg/database/redis/redis.go:95.16,97.3 1 0
go-source/pkg/database/redis/redis.go:97.8,99.17 2 0
go-source/pkg/database/redis/redis.go:99.17,101.4 1 0
go-source/pkg/database/redis/redis.go:103.2,103.12 1 0
go-source/pkg/database/redis/redis.go:106.108,107.21 1 0
go-source/pkg/database/redis/redis.go:107.21,109.3 1 0
go-source/pkg/database/redis/redis.go:110.2,111.16 2 0
go-source/pkg/database/redis/redis.go:111.16,113.3 1 0
go-source/pkg/database/redis/redis.go:114.2,114.14 1 0
go-source/pkg/database/redis/redis.go:114.14,116.3 1 0
go-source/pkg/database/redis/redis.go:117.2,117.48 1 0
go-source/pkg/database/redis/redis.go:120.76,121.21 1 0
go-source/pkg/database/redis/redis.go:121.21,123.3 1 0
go-source/pkg/database/redis/redis.go:124.2,124.38 1 0
go-source/pkg/database/redis/redis.go:127.76,128.21 1 0
go-source/pkg/database/redis/redis.go:128.21,130.3 1 0
go-source/pkg/database/redis/redis.go:131.2,132.30 2 0
go-source/pkg/database/redis/redis.go:132.30,134.3 1 0
go-source/pkg/database/redis/redis.go:136.2,136.12 1 0
go-source/pkg/database/redis/redis.go:139.73,140.21 1 0
go-source/pkg/database/redis/redis.go:140.21,142.3 1 0
go-source/pkg/database/redis/redis.go:143.2,143.37 1 0
go-source/pkg/database/redis/redis.go:146.100,147.21 1 0
go-source/pkg/database/redis/redis.go:147.21,149.3 1 0
go-source/pkg/database/redis/redis.go:150.2,150.14 1 0
go-source/pkg/database/redis/redis.go:150.14,152.3 1 0
go-source/pkg/database/redis/redis.go:153.2,153.49 1 0
go-source/pkg/database/redis/redis.go:156.105,157.21 1 0
go-source/pkg/database/redis/redis.go:157.21,159.3 1 0
go-source/pkg/database/redis/redis.go:160.2,161.16 2 0
go-source/pkg/database/redis/redis.go:161.16,163.3 1 0
go-source/pkg/database/redis/redis.go:164.2,164.14 1 0
go-source/pkg/database/redis/redis.go:164.14,166.3 1 0
go-source/pkg/database/redis/redis.go:167.2,167.48 1 0
go-source/pkg/database/redis/redis.go:170.77,171.21 1 0
go-source/pkg/database/redis/redis.go:171.21,173.3 1 0
go-source/pkg/database/redis/redis.go:174.2,175.31 2 0
go-source/pkg/database/redis/redis.go:175.31,177.3 1 0
go-source/pkg/database/redis/redis.go:179.2,179.16 1 0
go-source/pkg/database/redis/redis.go:179.16,181.3 1 0
go-source/pkg/database/redis/redis.go:183.2,183.17 1 0
go-source/pkg/database/redis/redis.go:186.85,187.21 1 0
go-source/pkg/database/redis/redis.go:187.21,189.3 1 0
go-source/pkg/database/redis/redis.go:190.2,191.31 2 0
go-source/pkg/database/redis/redis.go:191.31,193.3 1 0
go-source/pkg/database/redis/redis.go:195.2,195.16 1 0
go-source/pkg/database/redis/redis.go:195.16,197.3 1 0
go-source/pkg/database/redis/redis.go:199.2,199.51 1 0
go-source/pkg/database/redis/redis.go:199.51,201.3 1 0
go-source/pkg/database/redis/redis.go:203.2,203.12 1 0
go-source/pkg/database/redis/redis.go:206.64,207.21 1 0
go-source/pkg/database/redis/redis.go:207.21,209.3 1 0
go-source/pkg/database/redis/redis.go:210.2,210.37 1 0
go-source/pkg/database/redis/redis.go:213.79,214.21 1 0
go-source/pkg/database/redis/redis.go:214.21,216.3 1 0
go-source/pkg/database/redis/redis.go:217.2,219.21 2 0
go-source/pkg/database/redis/redis.go:219.21,222.17 3 0
go-source/pkg/database/redis/redis.go:222.17,224.4 1 0
go-source/pkg/database/redis/redis.go:227.2,227.35 1 0
go-source/pkg/database/redis/redis.go:227.35,229.3 1 0
go-source/pkg/database/redis/redis.go:231.2,231.12 1 0
go-source/pkg/database/redis/redis.go:234.73,235.22 1 0
go-source/pkg/database/redis/redis.go:235.22,237.3 1 0
go-source/pkg/database/redis/redis.go:238.2,238.14 1 0
go-source/pkg/database/redis/redis.go:238.14,240.3 1 0
go-source/pkg/database/redis/redis.go:241.2,241.57 1 0
go-source/pkg/database/redis/redis.go:246.160,247.21 1 0
go-source/pkg/database/redis/redis.go:247.21,249.3 1 0
go-source/pkg/database/redis/redis.go:250.2,250.24 1 0
go-source/pkg/database/redis/redis.go:250.24,252.3 1 0
go-source/pkg/database/redis/redis.go:254.2,257.46 3 0
go-source/pkg/database/redis/redis.go:257.46,259.3 1 0
go-source/pkg/database/redis/redis.go:261.2,261.21 1 0
go-source/pkg/database/redis/redis.go:261.21,262.53 1 0
go-source/pkg/database/redis/redis.go:262.53,264.4 1 0
go-source/pkg/database/redis/redis.go:264.9,266.4 1 0
go-source/pkg/database/redis/redis.go:269.2,269.16 1 0
go-source/pkg/database/redis/redis.go:269.16,272.48 3 0
go-source/pkg/database/redis/redis.go:272.48,274.4 1 0
go-source/pkg/database/redis/redis.go:274.9,275.17 1 0
go-source/pkg/database/redis/redis.go:275.17,276.55 1 0
go-source/pkg/database/redis/redis.go:276.55,278.6 1 0
go-source/pkg/database/redis/redis.go:281.4,282.48 2 0
go-source/pkg/database/redis/redis.go:282.48,284.5 1 0
go-source/pkg/database/redis/redis.go:286.4,286.23 1 0
go-source/pkg/database/redis/redis.go:286.23,287.55 1 0
go-source/pkg/database/redis/redis.go:287.55,289.6 1 0
go-source/pkg/database/redis/redis.go:289.11,291.6 1 0
go-source/pkg/database/redis/redis.go:296.2,297.16 2 0
go-source/pkg/database/redis/redis.go:297.16,299.3 1 0
go-source/pkg/database/redis/redis.go:301.2,301.51 1 0
go-source/pkg/database/redis/redis.go:301.51,302.58 1 0
go-source/pkg/database/redis/redis.go:302.58,304.4 1 0
go-source/pkg/database/redis/redis.go:306.3,307.56 2 0
go-source/pkg/database/redis/redis.go:307.56,309.4 1 0
go-source/pkg/database/redis/redis.go:312.2,312.12 1 0
go-source/pkg/database/redis/redis.go:315.108,316.21 1 0
go-source/pkg/database/redis/redis.go:316.21,318.3 1 0
go-source/pkg/database/redis/redis.go:319.2,320.16 2 0
go-source/pkg/database/redis/redis.go:320.16,322.3 1 0
go-source/pkg/database/redis/redis.go:324.2,324.19 1 0
go-source/pkg/database/redis/redis.go:327.73,328.21 1 0
go-source/pkg/database/redis/redis.go:328.21,330.3 1 0
go-source/pkg/database/redis/redis.go:331.2,332.16 2 0
go-source/pkg/database/redis/redis.go:332.16,334.3 1 0
go-source/pkg/database/redis/redis.go:336.2,336.12 1 0
go-source/pkg/database/mongodb/const.go:128.65,131.9 3 0
go-source/pkg/database/mongodb/const.go:131.9,133.3 1 0
go-source/pkg/database/mongodb/const.go:134.2,134.10 1 0
go-source/pkg/database/mongodb/const.go:137.46,139.2 1 0
go-source/pkg/database/mongodb/filter_player.go:23.63,24.31 1 0
go-source/pkg/database/mongodb/filter_player.go:24.31,26.3 1 0
go-source/pkg/database/mongodb/filter_player.go:29.57,30.31 1 0
go-source/pkg/database/mongodb/filter_player.go:30.31,32.3 1 0
go-source/pkg/database/mongodb/filter_player.go:35.42,43.2 1 0
go-source/pkg/database/mongodb/filter_player.go:45.64,48.27 2 0
go-source/pkg/database/mongodb/filter_player.go:48.27,50.3 1 0
go-source/pkg/database/mongodb/filter_player.go:52.2,52.21 1 0
go-source/pkg/database/mongodb/filter_player.go:56.63,58.21 1 0
go-source/pkg/database/mongodb/filter_player.go:59.14,60.48 1 0
go-source/pkg/database/mongodb/filter_player.go:61.14,63.66 2 0
go-source/pkg/database/mongodb/filter_player.go:64.14,65.35 1 0
go-source/pkg/database/mongodb/filter_player.go:65.35,67.4 1 0
go-source/pkg/database/mongodb/filter_player.go:69.2,69.10 1 0
go-source/pkg/database/mongodb/filter_player.go:73.67,75.21 1 0
go-source/pkg/database/mongodb/filter_player.go:76.14,77.44 1 0
go-source/pkg/database/mongodb/filter_player.go:78.14,80.62 2 0
go-source/pkg/database/mongodb/filter_player.go:81.14,82.35 1 0
go-source/pkg/database/mongodb/filter_player.go:82.35,84.4 1 0
go-source/pkg/database/mongodb/filter_player.go:86.2,86.10 1 0
go-source/pkg/database/mongodb/filter_player.go:90.70,92.21 1 0
go-source/pkg/database/mongodb/filter_player.go:93.14,94.50 1 0
go-source/pkg/database/mongodb/filter_player.go:95.14,97.68 2 0
go-source/pkg/database/mongodb/filter_player.go:98.14,99.35 1 0
go-source/pkg/database/mongodb/filter_player.go:99.35,101.4 1 0
go-source/pkg/database/mongodb/filter_player.go:103.2,103.10 1 0
go-source/pkg/database/mongodb/filter_player.go:106.63,109.2 2 0
go-source/pkg/database/mongodb/mongodb.go:41.115,43.22 2 0
go-source/pkg/database/mongodb/mongodb.go:43.22,45.3 1 0
go-source/pkg/database/mongodb/mongodb.go:47.2,47.19 1 0
go-source/pkg/database/mongodb/mongodb.go:47.19,49.17 2 0
go-source/pkg/database/mongodb/mongodb.go:49.17,51.4 1 0
go-source/pkg/database/mongodb/mongodb.go:53.3,59.24 3 0
go-source/pkg/database/mongodb/mongodb.go:62.2,62.28 1 0
go-source/pkg/database/mongodb/mongodb.go:62.28,64.3 1 0
go-source/pkg/database/mongodb/mongodb.go:66.2,67.16 2 0
go-source/pkg/database/mongodb/mongodb.go:67.16,69.3 1 0
go-source/pkg/database/mongodb/mongodb.go:71.2,73.16 3 0
go-source/pkg/database/mongodb/mongodb.go:73.16,75.3 1 0
go-source/pkg/database/mongodb/mongodb.go:77.2,80.38 3 0
go-source/pkg/database/mongodb/mongodb.go:80.38,81.34 1 0
go-source/pkg/database/mongodb/mongodb.go:81.34,89.18 4 0
go-source/pkg/database/mongodb/mongodb.go:89.18,92.5 2 0
go-source/pkg/database/mongodb/mongodb.go:94.4,95.36 2 0
go-source/pkg/database/mongodb/mongodb.go:99.2,104.23 2 0
go-source/pkg/database/mongodb/mongodb.go:107.98,116.32 6 0
go-source/pkg/database/mongodb/mongodb.go:116.32,119.3 2 0
go-source/pkg/database/mongodb/mongodb.go:121.2,122.16 2 0
go-source/pkg/database/mongodb/mongodb.go:122.16,125.3 2 0
go-source/pkg/database/mongodb/mongodb.go:127.2,127.63 1 0
go-source/pkg/database/mongodb/mongodb.go:127.63,130.3 2 0
go-source/pkg/database/mongodb/mongodb.go:132.2,133.58 2 0
go-source/pkg/database/mongodb/mongodb.go:136.44,138.2 1 0
go-source/pkg/database/mongodb/mongodb.go:140.104,142.2 1 0
go-source/pkg/database/mongodb/mongodb.go:144.61,146.2 1 0
go-source/pkg/database/mongodb/mongodb.go:148.134,149.36 1 0
go-source/pkg/database/mongodb/mongodb.go:149.36,151.3 1 0
go-source/pkg/database/mongodb/mongodb.go:153.2,154.9 2 0
go-source/pkg/database/mongodb/mongodb.go:154.9,156.3 1 0
go-source/pkg/database/mongodb/mongodb.go:158.2,159.9 2 0
go-source/pkg/database/mongodb/mongodb.go:159.9,161.3 1 0
go-source/pkg/database/mongodb/mongodb.go:163.2,163.37 1 0
go-source/pkg/database/mongodb/mongodb.go:166.98,167.36 1 0
go-source/pkg/database/mongodb/mongodb.go:167.36,169.3 1 0
go-source/pkg/database/mongodb/mongodb.go:171.2,172.9 2 0
go-source/pkg/database/mongodb/mongodb.go:172.9,174.3 1 0
go-source/pkg/database/mongodb/mongodb.go:176.2,177.9 2 0
go-source/pkg/database/mongodb/mongodb.go:177.9,179.3 1 0
go-source/pkg/database/mongodb/mongodb.go:181.2,181.20 1 0
go-source/pkg/database/mongodb/mongodb.go:184.144,185.29 1 0
go-source/pkg/database/mongodb/mongodb.go:185.29,187.3 1 0
go-source/pkg/database/mongodb/mongodb.go:190.2,191.16 2 0
go-source/pkg/database/mongodb/mongodb.go:191.16,193.3 1 0
go-source/pkg/database/mongodb/mongodb.go:196.2,203.12 5 0
go-source/pkg/database/mongodb/mongodb.go:206.146,207.29 1 0
go-source/pkg/database/mongodb/mongodb.go:207.29,209.3 1 0
go-source/pkg/database/mongodb/mongodb.go:212.2,213.16 2 0
go-source/pkg/database/mongodb/mongodb.go:213.16,215.3 1 0
go-source/pkg/database/mongodb/mongodb.go:218.2,225.12 5 0
go-source/pkg/database/mongodb/mongodb.go:228.102,229.23 1 0
go-source/pkg/database/mongodb/mongodb.go:229.23,231.3 1 0
go-source/pkg/database/mongodb/mongodb.go:233.2,233.36 1 0
go-source/pkg/database/mongodb/mongodb.go:233.36,235.3 1 0
go-source/pkg/database/mongodb/mongodb.go:237.2,238.33 2 0
go-source/pkg/database/mongodb/mongodb.go:238.33,240.3 1 0
go-source/pkg/database/mongodb/mongodb.go:242.2,243.56 2 0
go-source/pkg/database/mongodb/mongodb.go:243.56,245.22 2 0
go-source/pkg/database/mongodb/mongodb.go:245.22,247.4 1 0
go-source/pkg/database/mongodb/mongodb.go:249.3,249.40 1 0
go-source/pkg/database/mongodb/mongodb.go:249.40,251.4 1 0
go-source/pkg/database/mongodb/mongodb.go:254.2,254.49 1 0
go-source/pkg/database/mongodb/mongodb.go:257.145,259.9 2 0
go-source/pkg/database/mongodb/mongodb.go:259.9,261.3 1 0
go-source/pkg/database/mongodb/mongodb.go:263.2,264.9 2 0
go-source/pkg/database/mongodb/mongodb.go:264.9,266.3 1 0
go-source/pkg/database/mongodb/mongodb.go:269.2,270.16 2 0
go-source/pkg/database/mongodb/mongodb.go:270.16,272.3 1 0
go-source/pkg/database/mongodb/mongodb.go:275.2,282.12 5 0
go-source/pkg/database/mongodb/mongorepo.go:39.117,49.25 7 0
go-source/pkg/database/mongodb/mongorepo.go:49.25,51.17 2 0
go-source/pkg/database/mongodb/mongorepo.go:51.17,53.4 1 0
go-source/pkg/database/mongodb/mongorepo.go:55.3,59.4 1 0
go-source/pkg/database/mongodb/mongorepo.go:62.2,64.25 2 0
go-source/pkg/database/mongodb/mongorepo.go:64.25,66.3 1 0
go-source/pkg/database/mongodb/mongorepo.go:68.2,71.37 3 0
go-source/pkg/database/mongodb/mongorepo.go:71.37,73.30 2 0
go-source/pkg/database/mongodb/mongorepo.go:73.30,75.4 1 0
go-source/pkg/database/mongodb/mongorepo.go:77.3,78.10 2 0
go-source/pkg/database/mongodb/mongorepo.go:78.10,80.4 1 0
go-source/pkg/database/mongodb/mongorepo.go:82.3,86.30 4 0
go-source/pkg/database/mongodb/mongorepo.go:89.2,91.43 2 0
go-source/pkg/database/mongodb/mongorepo.go:91.43,93.17 2 0
go-source/pkg/database/mongodb/mongorepo.go:93.17,96.4 2 0
go-source/pkg/database/mongodb/mongorepo.go:98.3,98.42 1 0
go-source/pkg/database/mongodb/mongorepo.go:101.2,105.3 1 0
go-source/pkg/database/mongodb/mongorepo.go:108.158,112.26 3 0
go-source/pkg/database/mongodb/mongorepo.go:112.26,113.13 1 0
go-source/pkg/database/mongodb/mongorepo.go:113.13,115.18 2 0
go-source/pkg/database/mongodb/mongorepo.go:115.18,117.5 1 0
go-source/pkg/database/mongodb/mongorepo.go:121.2,121.24 1 0
go-source/pkg/database/mongodb/mongorepo.go:124.84,135.2 3 0
go-source/pkg/database/mongodb/mongorepo.go:137.86,138.33 1 0
go-source/pkg/database/mongodb/mongorepo.go:138.33,140.3 1 0
go-source/pkg/database/mongodb/mongorepo.go:142.2,143.9 2 0
go-source/pkg/database/mongodb/mongorepo.go:143.9,147.3 1 0
go-source/pkg/database/mongodb/mongorepo.go:148.2,151.9 3 0
go-source/pkg/database/mongodb/mongorepo.go:151.9,155.3 1 0
go-source/pkg/database/mongodb/mongorepo.go:157.2,163.3 1 0
go-source/pkg/database/mongodb/mongorepo.go:166.53,172.16 4 0
go-source/pkg/database/mongodb/mongorepo.go:172.16,174.3 1 0
go-source/pkg/database/mongodb/mongorepo.go:175.2,178.49 3 0
go-source/pkg/database/mongodb/mongorepo.go:178.49,180.3 1 0
go-source/pkg/database/mongodb/mongorepo.go:182.2,183.32 2 0
go-source/pkg/database/mongodb/mongorepo.go:183.32,185.48 2 0
go-source/pkg/database/mongodb/mongorepo.go:185.48,186.25 1 0
go-source/pkg/database/mongodb/mongorepo.go:186.25,187.10 1 0
go-source/pkg/database/mongodb/mongorepo.go:189.4,189.33 1 0
go-source/pkg/database/mongodb/mongorepo.go:192.3,192.20 1 0
go-source/pkg/database/mongodb/mongorepo.go:192.20,194.4 1 0
go-source/pkg/database/mongodb/mongorepo.go:197.2,197.20 1 0
go-source/pkg/database/mongodb/mongorepo.go:200.45,201.24 1 0
go-source/pkg/database/mongodb/mongorepo.go:201.24,203.3 1 0
go-source/pkg/database/mongodb/mongorepo.go:205.2,206.32 2 0
go-source/pkg/database/mongodb/mongorepo.go:206.32,208.3 1 0
go-source/pkg/database/mongodb/mongorepo.go:210.2,216.27 4 0
go-source/pkg/database/mongodb/mongorepo.go:216.27,219.3 2 0
go-source/pkg/database/mongodb/mongorepo.go:221.2,222.36 2 0
go-source/pkg/database/mongodb/mongorepo.go:222.36,224.15 2 0
go-source/pkg/database/mongodb/mongorepo.go:224.15,226.4 1 0
go-source/pkg/database/mongodb/mongorepo.go:229.2,230.36 2 0
go-source/pkg/database/mongodb/mongorepo.go:230.36,232.3 1 0
go-source/pkg/database/mongodb/mongorepo.go:234.2,236.15 2 0
go-source/pkg/database/mongodb/mongorepo.go:236.15,239.3 2 0
go-source/pkg/database/mongodb/mongorepo.go:241.2,241.22 1 0
go-source/pkg/database/mongodb/mongorepo.go:241.22,243.3 1 0
go-source/pkg/database/mongodb/mongorepo.go:246.113,247.26 1 0
go-source/pkg/database/mongodb/mongorepo.go:247.26,249.3 1 0
go-source/pkg/database/mongodb/mongorepo.go:251.2,254.16 1 0
go-source/pkg/database/mongodb/mongorepo.go:254.16,256.18 2 0
go-source/pkg/database/mongodb/mongorepo.go:256.18,258.5 1 0
go-source/pkg/database/mongodb/mongorepo.go:259.4,259.14 1 0
go-source/pkg/database/mongodb/mongorepo.go:262.2,262.8 1 0
go-source/pkg/database/mongodb/mongorepo.go:265.102,266.18 1 0
go-source/pkg/database/mongodb/mongorepo.go:266.18,268.3 1 0
go-source/pkg/database/mongodb/mongorepo.go:271.2,274.26 2 0
go-source/pkg/database/mongodb/mongorepo.go:274.26,276.16 2 0
go-source/pkg/database/mongodb/mongorepo.go:276.16,278.4 1 0
go-source/pkg/database/mongodb/mongorepo.go:281.2,281.42 1 0
go-source/pkg/database/mongodb/mongorepo.go:281.42,283.3 1 0
go-source/pkg/database/mongodb/mongorepo.go:285.2,286.24 2 0
go-source/pkg/database/mongodb/mongorepo.go:286.24,288.3 1 0
go-source/pkg/database/mongodb/mongorepo.go:290.2,293.26 3 0
go-source/pkg/database/mongodb/mongorepo.go:293.26,296.3 2 0
go-source/pkg/database/mongodb/mongorepo.go:298.2,300.16 3 0
go-source/pkg/database/mongodb/mongorepo.go:300.16,302.3 1 0
go-source/pkg/database/mongodb/mongorepo.go:304.2,304.19 1 0
go-source/pkg/database/mongodb/mongorepo.go:304.19,306.3 1 0
go-source/pkg/database/mongodb/mongorepo.go:308.2,308.53 1 0
go-source/pkg/database/mongodb/mongorepo.go:308.53,310.3 1 0
go-source/pkg/database/mongodb/mongorepo.go:312.2,313.16 2 0
go-source/pkg/database/mongodb/mongorepo.go:313.16,315.3 1 0
go-source/pkg/database/mongodb/mongorepo.go:317.2,317.21 1 0
go-source/pkg/database/mongodb/mongorepo.go:320.110,321.26 1 0
go-source/pkg/database/mongodb/mongorepo.go:321.26,323.3 1 0
go-source/pkg/database/mongodb/mongorepo.go:325.2,328.16 1 0
go-source/pkg/database/mongodb/mongorepo.go:328.16,330.18 2 0
go-source/pkg/database/mongodb/mongorepo.go:330.18,332.5 1 0
go-source/pkg/database/mongodb/mongorepo.go:333.4,333.14 1 0
go-source/pkg/database/mongodb/mongorepo.go:336.2,336.8 1 0
go-source/pkg/database/mongodb/mongorepo.go:339.99,340.18 1 0
go-source/pkg/database/mongodb/mongorepo.go:340.18,342.3 1 0
go-source/pkg/database/mongodb/mongorepo.go:345.2,348.26 2 0
go-source/pkg/database/mongodb/mongorepo.go:348.26,350.16 2 0
go-source/pkg/database/mongodb/mongorepo.go:350.16,352.4 1 0
go-source/pkg/database/mongodb/mongorepo.go:355.2,355.42 1 0
go-source/pkg/database/mongodb/mongorepo.go:355.42,357.3 1 0
go-source/pkg/database/mongodb/mongorepo.go:359.2,360.21 2 0
go-source/pkg/database/mongodb/mongorepo.go:360.21,362.3 1 0
go-source/pkg/database/mongodb/mongorepo.go:364.2,367.26 3 0
go-source/pkg/database/mongodb/mongorepo.go:367.26,370.3 2 0
go-source/pkg/database/mongodb/mongorepo.go:372.2,373.16 2 0
go-source/pkg/database/mongodb/mongorepo.go:373.16,375.3 1 0
go-source/pkg/database/mongodb/mongorepo.go:376.2,378.16 3 0
go-source/pkg/database/mongodb/mongorepo.go:378.16,380.3 1 0
go-source/pkg/database/mongodb/mongorepo.go:382.2,382.19 1 0
go-source/pkg/database/mongodb/mongorepo.go:382.19,384.3 1 0
go-source/pkg/database/mongodb/mongorepo.go:386.2,386.53 1 0
go-source/pkg/database/mongodb/mongorepo.go:386.53,388.3 1 0
go-source/pkg/database/mongodb/mongorepo.go:390.2,391.19 2 0
go-source/pkg/database/mongodb/mongorepo.go:391.19,393.3 1 0
go-source/pkg/database/mongodb/mongorepo.go:393.8,395.3 1 0
go-source/pkg/database/mongodb/mongorepo.go:397.2,400.16 3 0
go-source/pkg/database/mongodb/mongorepo.go:400.16,402.3 1 0
go-source/pkg/database/mongodb/mongorepo.go:404.2,404.16 1 0
go-source/pkg/database/mongodb/mongorepo.go:407.83,411.27 3 0
go-source/pkg/database/mongodb/mongorepo.go:411.27,415.28 3 0
go-source/pkg/database/mongodb/mongorepo.go:415.28,416.17 1 0
go-source/pkg/database/mongodb/mongorepo.go:416.17,416.26 1 0
go-source/pkg/database/mongodb/mongorepo.go:417.4,420.19 3 0
go-source/pkg/database/mongodb/mongorepo.go:420.19,423.5 2 0
go-source/pkg/database/mongodb/mongorepo.go:425.4,425.18 1 0
go-source/pkg/database/mongodb/mongorepo.go:430.2,432.16 2 0
go-source/pkg/database/mongodb/mongorepo.go:432.16,434.3 1 0
go-source/pkg/database/mongodb/mongorepo.go:436.2,436.12 1 0
go-source/pkg/database/mongodb/mongorepo.go:439.100,440.26 1 0
go-source/pkg/database/mongodb/mongorepo.go:440.26,442.3 1 0
go-source/pkg/database/mongodb/mongorepo.go:444.2,447.16 1 0
go-source/pkg/database/mongodb/mongorepo.go:447.16,449.18 2 0
go-source/pkg/database/mongodb/mongorepo.go:449.18,451.5 1 0
go-source/pkg/database/mongodb/mongorepo.go:452.4,452.14 1 0
go-source/pkg/database/mongodb/mongorepo.go:455.2,455.8 1 0
go-source/pkg/database/mongodb/mongorepo.go:458.89,459.18 1 0
go-source/pkg/database/mongodb/mongorepo.go:459.18,461.3 1 0
go-source/pkg/database/mongodb/mongorepo.go:464.2,464.26 1 0
go-source/pkg/database/mongodb/mongorepo.go:464.26,466.16 2 0
go-source/pkg/database/mongodb/mongorepo.go:466.16,468.4 1 0
go-source/pkg/database/mongodb/mongorepo.go:471.2,473.52 3 0
go-source/pkg/database/mongodb/mongorepo.go:473.52,475.17 2 0
go-source/pkg/database/mongodb/mongorepo.go:475.17,477.4 1 0
go-source/pkg/database/mongodb/mongorepo.go:480.2,482.16 3 0
go-source/pkg/database/mongodb/mongorepo.go:482.16,484.3 1 0
go-source/pkg/database/mongodb/mongorepo.go:486.2,487.26 2 0
go-source/pkg/database/mongodb/mongorepo.go:487.26,490.3 2 0
go-source/pkg/database/mongodb/mongorepo.go:492.2,495.16 4 0
go-source/pkg/database/mongodb/mongorepo.go:495.16,497.3 1 0
go-source/pkg/database/mongodb/mongorepo.go:499.2,499.19 1 0
go-source/pkg/database/mongodb/mongorepo.go:499.19,501.3 1 0
go-source/pkg/database/mongodb/mongorepo.go:503.2,505.20 3 0
go-source/pkg/database/mongodb/mongorepo.go:508.102,509.26 1 0
go-source/pkg/database/mongodb/mongorepo.go:509.26,511.3 1 0
go-source/pkg/database/mongodb/mongorepo.go:513.2,516.16 1 0
go-source/pkg/database/mongodb/mongorepo.go:516.16,518.18 2 0
go-source/pkg/database/mongodb/mongorepo.go:518.18,520.5 1 0
go-source/pkg/database/mongodb/mongorepo.go:521.4,521.14 1 0
go-source/pkg/database/mongodb/mongorepo.go:524.2,524.8 1 0
go-source/pkg/database/mongodb/mongorepo.go:527.91,528.18 1 0
go-source/pkg/database/mongodb/mongorepo.go:528.18,530.3 1 0
go-source/pkg/database/mongodb/mongorepo.go:532.2,534.37 3 0
go-source/pkg/database/mongodb/mongorepo.go:534.37,537.53 3 0
go-source/pkg/database/mongodb/mongorepo.go:537.53,539.18 2 0
go-source/pkg/database/mongodb/mongorepo.go:539.18,541.5 1 0
go-source/pkg/database/mongodb/mongorepo.go:544.3,545.17 2 0
go-source/pkg/database/mongodb/mongorepo.go:545.17,547.4 1 0
go-source/pkg/database/mongodb/mongorepo.go:549.3,551.46 3 0
go-source/pkg/database/mongodb/mongorepo.go:554.2,555.26 2 0
go-source/pkg/database/mongodb/mongorepo.go:555.26,558.3 2 0
go-source/pkg/database/mongodb/mongorepo.go:560.2,561.16 2 0
go-source/pkg/database/mongodb/mongorepo.go:561.16,563.3 1 0
go-source/pkg/database/mongodb/mongorepo.go:565.2,565.19 1 0
go-source/pkg/database/mongodb/mongorepo.go:565.19,567.3 1 0
go-source/pkg/database/mongodb/mongorepo.go:569.2,570.36 2 0
go-source/pkg/database/mongodb/mongorepo.go:570.36,574.3 3 0
go-source/pkg/database/mongodb/mongorepo.go:576.2,576.22 1 0
go-source/pkg/database/mongodb/mongorepo.go:580.63,581.18 1 0
go-source/pkg/database/mongodb/mongorepo.go:581.18,583.3 1 0
go-source/pkg/database/mongodb/mongorepo.go:585.2,585.14 1 0
go-source/pkg/database/mongodb/mongorepo.go:585.14,587.3 1 0
go-source/pkg/database/mongodb/mongorepo.go:589.2,590.16 2 0
go-source/pkg/database/mongodb/mongorepo.go:590.16,592.3 1 0
go-source/pkg/database/mongodb/mongorepo.go:594.2,596.16 3 0
go-source/pkg/database/mongodb/mongorepo.go:596.16,598.3 1 0
go-source/pkg/database/mongodb/mongorepo.go:600.2,600.16 1 0
go-source/pkg/database/mongodb/mongorepo.go:604.63,605.18 1 0
go-source/pkg/database/mongodb/mongorepo.go:605.18,607.3 1 0
go-source/pkg/database/mongodb/mongorepo.go:609.2,609.16 1 0
go-source/pkg/database/mongodb/mongorepo.go:609.16,611.3 1 0
go-source/pkg/database/mongodb/mongorepo.go:613.2,614.16 2 0
go-source/pkg/database/mongodb/mongorepo.go:614.16,616.3 1 0
go-source/pkg/database/mongodb/mongorepo.go:618.2,620.16 3 0
go-source/pkg/database/mongodb/mongorepo.go:620.16,622.3 1 0
go-source/pkg/database/mongodb/mongorepo.go:624.2,624.17 1 0
go-source/pkg/database/mongodb/mongorepo.go:627.151,628.26 1 0
go-source/pkg/database/mongodb/mongorepo.go:628.26,630.3 1 0
go-source/pkg/database/mongodb/mongorepo.go:632.2,635.16 1 0
go-source/pkg/database/mongodb/mongorepo.go:635.16,637.18 2 0
go-source/pkg/database/mongodb/mongorepo.go:637.18,639.5 1 0
go-source/pkg/database/mongodb/mongorepo.go:640.4,640.14 1 0
go-source/pkg/database/mongodb/mongorepo.go:643.2,643.8 1 0
go-source/pkg/database/mongodb/mongorepo.go:646.140,647.18 1 0
go-source/pkg/database/mongodb/mongorepo.go:647.18,649.3 1 0
go-source/pkg/database/mongodb/mongorepo.go:652.2,655.26 2 0
go-source/pkg/database/mongodb/mongorepo.go:655.26,657.16 2 0
go-source/pkg/database/mongodb/mongorepo.go:657.16,659.4 1 0
go-source/pkg/database/mongodb/mongorepo.go:662.2,662.42 1 0
go-source/pkg/database/mongodb/mongorepo.go:662.42,664.3 1 0
go-source/pkg/database/mongodb/mongorepo.go:666.2,666.53 1 0
go-source/pkg/database/mongodb/mongorepo.go:666.53,668.3 1 0
go-source/pkg/database/mongodb/mongorepo.go:670.2,671.16 2 0
go-source/pkg/database/mongodb/mongorepo.go:671.16,673.3 1 0
go-source/pkg/database/mongodb/mongorepo.go:675.2,676.26 2 0
go-source/pkg/database/mongodb/mongorepo.go:676.26,679.3 2 0
go-source/pkg/database/mongodb/mongorepo.go:681.2,683.19 2 0
go-source/pkg/database/mongodb/mongorepo.go:683.19,685.3 1 0
go-source/pkg/database/mongodb/mongorepo.go:687.2,687.16 1 0
go-source/pkg/database/mongodb/mongorepo.go:690.148,691.26 1 0
go-source/pkg/database/mongodb/mongorepo.go:691.26,693.3 1 0
go-source/pkg/database/mongodb/mongorepo.go:695.2,698.16 1 0
go-source/pkg/database/mongodb/mongorepo.go:698.16,700.18 2 0
go-source/pkg/database/mongodb/mongorepo.go:700.18,702.5 1 0
go-source/pkg/database/mongodb/mongorepo.go:703.4,703.14 1 0
go-source/pkg/database/mongodb/mongorepo.go:706.2,706.8 1 0
go-source/pkg/database/mongodb/mongorepo.go:709.137,710.18 1 0
go-source/pkg/database/mongodb/mongorepo.go:710.18,712.3 1 0
go-source/pkg/database/mongodb/mongorepo.go:715.2,718.26 2 0
go-source/pkg/database/mongodb/mongorepo.go:718.26,720.16 2 0
go-source/pkg/database/mongodb/mongorepo.go:720.16,722.4 1 0
go-source/pkg/database/mongodb/mongorepo.go:725.2,725.42 1 0
go-source/pkg/database/mongodb/mongorepo.go:725.42,727.3 1 0
go-source/pkg/database/mongodb/mongorepo.go:729.2,732.53 3 0
go-source/pkg/database/mongodb/mongorepo.go:732.53,734.3 1 0
go-source/pkg/database/mongodb/mongorepo.go:736.2,737.16 2 0
go-source/pkg/database/mongodb/mongorepo.go:737.16,739.3 1 0
go-source/pkg/database/mongodb/mongorepo.go:741.2,742.26 2 0
go-source/pkg/database/mongodb/mongorepo.go:742.26,745.3 2 0
go-source/pkg/database/mongodb/mongorepo.go:747.2,749.19 2 0
go-source/pkg/database/mongodb/mongorepo.go:749.19,751.3 1 0
go-source/pkg/database/mongodb/mongorepo.go:753.2,753.16 1 0
go-source/pkg/database/mongodb/mongorepo.go:756.153,757.26 1 0
go-source/pkg/database/mongodb/mongorepo.go:757.26,759.3 1 0
go-source/pkg/database/mongodb/mongorepo.go:761.2,764.16 1 0
go-source/pkg/database/mongodb/mongorepo.go:764.16,766.18 2 0
go-source/pkg/database/mongodb/mongorepo.go:766.18,768.5 1 0
go-source/pkg/database/mongodb/mongorepo.go:769.4,769.14 1 0
go-source/pkg/database/mongodb/mongorepo.go:772.2,772.8 1 0
go-source/pkg/database/mongodb/mongorepo.go:775.142,776.18 1 0
go-source/pkg/database/mongodb/mongorepo.go:776.18,778.3 1 0
go-source/pkg/database/mongodb/mongorepo.go:781.2,784.26 2 0
go-source/pkg/database/mongodb/mongorepo.go:784.26,786.16 2 0
go-source/pkg/database/mongodb/mongorepo.go:786.16,788.4 1 0
go-source/pkg/database/mongodb/mongorepo.go:791.2,791.42 1 0
go-source/pkg/database/mongodb/mongorepo.go:791.42,793.3 1 0
go-source/pkg/database/mongodb/mongorepo.go:795.2,795.53 1 0
go-source/pkg/database/mongodb/mongorepo.go:795.53,797.3 1 0
go-source/pkg/database/mongodb/mongorepo.go:799.2,800.16 2 0
go-source/pkg/database/mongodb/mongorepo.go:800.16,802.3 1 0
go-source/pkg/database/mongodb/mongorepo.go:804.2,805.26 2 0
go-source/pkg/database/mongodb/mongorepo.go:805.26,808.3 2 0
go-source/pkg/database/mongodb/mongorepo.go:810.2,812.19 2 0
go-source/pkg/database/mongodb/mongorepo.go:812.19,814.3 1 0
go-source/pkg/database/mongodb/mongorepo.go:816.2,816.16 1 0
go-source/pkg/database/mongodb/mongorepo.go:819.151,820.26 1 0
go-source/pkg/database/mongodb/mongorepo.go:820.26,822.3 1 0
go-source/pkg/database/mongodb/mongorepo.go:824.2,827.16 1 0
go-source/pkg/database/mongodb/mongorepo.go:827.16,829.18 2 0
go-source/pkg/database/mongodb/mongorepo.go:829.18,831.5 1 0
go-source/pkg/database/mongodb/mongorepo.go:832.4,832.14 1 0
go-source/pkg/database/mongodb/mongorepo.go:835.2,835.8 1 0
go-source/pkg/database/mongodb/mongorepo.go:838.140,839.18 1 0
go-source/pkg/database/mongodb/mongorepo.go:839.18,841.3 1 0
go-source/pkg/database/mongodb/mongorepo.go:844.2,847.26 2 0
go-source/pkg/database/mongodb/mongorepo.go:847.26,849.16 2 0
go-source/pkg/database/mongodb/mongorepo.go:849.16,851.4 1 0
go-source/pkg/database/mongodb/mongorepo.go:854.2,854.42 1 0
go-source/pkg/database/mongodb/mongorepo.go:854.42,856.3 1 0
go-source/pkg/database/mongodb/mongorepo.go:858.2,860.52 2 0
go-source/pkg/database/mongodb/mongorepo.go:860.52,862.17 2 0
go-source/pkg/database/mongodb/mongorepo.go:862.17,864.4 1 0
go-source/pkg/database/mongodb/mongorepo.go:865.3,865.22 1 0
go-source/pkg/database/mongodb/mongorepo.go:868.2,869.26 2 0
go-source/pkg/database/mongodb/mongorepo.go:869.26,872.3 2 0
go-source/pkg/database/mongodb/mongorepo.go:874.2,875.22 2 0
go-source/pkg/database/mongodb/mongorepo.go:875.22,877.3 1 0
go-source/pkg/database/mongodb/mongorepo.go:879.2,881.16 3 0
go-source/pkg/database/mongodb/mongorepo.go:881.16,883.3 1 0
go-source/pkg/database/mongodb/mongorepo.go:885.2,885.19 1 0
go-source/pkg/database/mongodb/mongorepo.go:885.19,887.3 1 0
go-source/pkg/database/mongodb/mongorepo.go:889.2,889.53 1 0
go-source/pkg/database/mongodb/mongorepo.go:889.53,891.3 1 0
go-source/pkg/database/mongodb/mongorepo.go:893.2,894.16 2 0
go-source/pkg/database/mongodb/mongorepo.go:894.16,896.3 1 0
go-source/pkg/database/mongodb/mongorepo.go:898.2,898.21 1 0
go-source/pkg/database/mongodb/mongorepo.go:901.113,902.26 1 0
go-source/pkg/database/mongodb/mongorepo.go:902.26,904.3 1 0
go-source/pkg/database/mongodb/mongorepo.go:906.2,909.16 1 0
go-source/pkg/database/mongodb/mongorepo.go:909.16,911.18 2 0
go-source/pkg/database/mongodb/mongorepo.go:911.18,913.5 1 0
go-source/pkg/database/mongodb/mongorepo.go:914.4,914.14 1 0
go-source/pkg/database/mongodb/mongorepo.go:917.2,917.8 1 0
go-source/pkg/database/mongodb/mongorepo.go:920.102,921.18 1 0
go-source/pkg/database/mongodb/mongorepo.go:921.18,923.3 1 0
go-source/pkg/database/mongodb/mongorepo.go:926.2,929.26 2 0
go-source/pkg/database/mongodb/mongorepo.go:929.26,931.16 2 0
go-source/pkg/database/mongodb/mongorepo.go:931.16,933.4 1 0
go-source/pkg/database/mongodb/mongorepo.go:936.2,936.42 1 0
go-source/pkg/database/mongodb/mongorepo.go:936.42,938.3 1 0
go-source/pkg/database/mongodb/mongorepo.go:940.2,941.26 2 0
go-source/pkg/database/mongodb/mongorepo.go:941.26,944.3 2 0
go-source/pkg/database/mongodb/mongorepo.go:946.2,948.19 2 0
go-source/pkg/database/mongodb/mongorepo.go:948.19,950.3 1 0
go-source/pkg/database/mongodb/mongorepo.go:952.2,952.16 1 0
go-source/pkg/database/mongodb/mongorepo.go:955.131,956.26 1 0
go-source/pkg/database/mongodb/mongorepo.go:956.26,958.3 1 0
go-source/pkg/database/mongodb/mongorepo.go:960.2,963.16 1 0
go-source/pkg/database/mongodb/mongorepo.go:963.16,965.18 2 0
go-source/pkg/database/mongodb/mongorepo.go:965.18,967.5 1 0
go-source/pkg/database/mongodb/mongorepo.go:968.4,968.14 1 0
go-source/pkg/database/mongodb/mongorepo.go:971.2,971.8 1 0
go-source/pkg/database/mongodb/mongorepo.go:974.120,975.18 1 0
go-source/pkg/database/mongodb/mongorepo.go:975.18,977.3 1 0
go-source/pkg/database/mongodb/mongorepo.go:980.2,983.26 2 0
go-source/pkg/database/mongodb/mongorepo.go:983.26,985.16 2 0
go-source/pkg/database/mongodb/mongorepo.go:985.16,987.4 1 0
go-source/pkg/database/mongodb/mongorepo.go:990.2,990.42 1 0
go-source/pkg/database/mongodb/mongorepo.go:990.42,992.3 1 0
go-source/pkg/database/mongodb/mongorepo.go:994.2,995.26 2 0
go-source/pkg/database/mongodb/mongorepo.go:995.26,998.3 2 0
go-source/pkg/database/mongodb/mongorepo.go:1000.2,1002.19 2 0
go-source/pkg/database/mongodb/mongorepo.go:1002.19,1004.3 1 0
go-source/pkg/database/mongodb/mongorepo.go:1006.2,1006.16 1 0
go-source/pkg/database/mongodb/mongorepo.go:1009.133,1010.26 1 0
go-source/pkg/database/mongodb/mongorepo.go:1010.26,1012.3 1 0
go-source/pkg/database/mongodb/mongorepo.go:1014.2,1017.16 1 0
go-source/pkg/database/mongodb/mongorepo.go:1017.16,1019.18 2 0
go-source/pkg/database/mongodb/mongorepo.go:1019.18,1021.5 1 0
go-source/pkg/database/mongodb/mongorepo.go:1022.4,1022.14 1 0
go-source/pkg/database/mongodb/mongorepo.go:1025.2,1025.8 1 0
go-source/pkg/database/mongodb/mongorepo.go:1028.122,1029.18 1 0
go-source/pkg/database/mongodb/mongorepo.go:1029.18,1031.3 1 0
go-source/pkg/database/mongodb/mongorepo.go:1034.2,1037.26 2 0
go-source/pkg/database/mongodb/mongorepo.go:1037.26,1039.16 2 0
go-source/pkg/database/mongodb/mongorepo.go:1039.16,1041.4 1 0
go-source/pkg/database/mongodb/mongorepo.go:1044.2,1044.42 1 0
go-source/pkg/database/mongodb/mongorepo.go:1044.42,1046.3 1 0
go-source/pkg/database/mongodb/mongorepo.go:1048.2,1049.26 2 0
go-source/pkg/database/mongodb/mongorepo.go:1049.26,1052.3 2 0
go-source/pkg/database/mongodb/mongorepo.go:1054.2,1056.19 2 0
go-source/pkg/database/mongodb/mongorepo.go:1056.19,1058.3 1 0
go-source/pkg/database/mongodb/mongorepo.go:1060.2,1060.16 1 0
go-source/pkg/database/mongodb/mongorepo.go:1063.145,1064.26 1 0
go-source/pkg/database/mongodb/mongorepo.go:1064.26,1066.3 1 0
go-source/pkg/database/mongodb/mongorepo.go:1068.2,1071.16 1 0
go-source/pkg/database/mongodb/mongorepo.go:1071.16,1073.18 2 0
go-source/pkg/database/mongodb/mongorepo.go:1073.18,1075.5 1 0
go-source/pkg/database/mongodb/mongorepo.go:1076.4,1076.14 1 0
go-source/pkg/database/mongodb/mongorepo.go:1079.2,1079.8 1 0
go-source/pkg/database/mongodb/mongorepo.go:1082.134,1083.18 1 0
go-source/pkg/database/mongodb/mongorepo.go:1083.18,1085.3 1 0
go-source/pkg/database/mongodb/mongorepo.go:1088.2,1091.26 2 0
go-source/pkg/database/mongodb/mongorepo.go:1091.26,1093.16 2 0
go-source/pkg/database/mongodb/mongorepo.go:1093.16,1095.4 1 0
go-source/pkg/database/mongodb/mongorepo.go:1098.2,1098.42 1 0
go-source/pkg/database/mongodb/mongorepo.go:1098.42,1100.3 1 0
go-source/pkg/database/mongodb/mongorepo.go:1102.2,1103.26 2 0
go-source/pkg/database/mongodb/mongorepo.go:1103.26,1106.3 2 0
go-source/pkg/database/mongodb/mongorepo.go:1108.2,1110.19 2 0
go-source/pkg/database/mongodb/mongorepo.go:1110.19,1112.3 1 0
go-source/pkg/database/mongodb/mongorepo.go:1114.2,1114.16 1 0
go-source/pkg/database/mongodb/mongorepo.go:1117.62,1120.2 2 0
go-source/pkg/database/mongodb/mongorepo.go:1122.60,1125.2 2 0
go-source/pkg/database/mongodb/mongorepo.go:1127.63,1130.2 2 0
go-source/pkg/database/mongodb/mongorepo.go:1132.73,1135.2 2 0
go-source/pkg/database/mongodb/mongorepo.go:1137.76,1140.2 2 0
go-source/pkg/database/mongodb/mongorepo.go:1142.61,1145.2 2 0
go-source/pkg/database/mongodb/mongorepo.go:1147.64,1150.2 2 0
go-source/pkg/database/mongodb/mongorepo.go:1152.71,1155.2 2 0
go-source/pkg/database/mongodb/mongorepo.go:1157.47,1158.53 1 0
go-source/pkg/database/mongodb/mongorepo.go:1158.53,1160.3 1 0
go-source/pkg/database/mongodb/mongorepo.go:1162.2,1162.31 1 0
go-source/pkg/database/mongodb/mongorepo.go:1162.31,1163.44 1 0
go-source/pkg/database/mongodb/mongorepo.go:1163.44,1164.44 1 0
go-source/pkg/database/mongodb/mongorepo.go:1164.44,1166.19 2 0
go-source/pkg/database/mongodb/mongorepo.go:1166.19,1168.6 1 0
go-source/pkg/database/mongodb/mongorepo.go:1169.5,1169.28 1 0
go-source/pkg/database/mongodb/mongorepo.go:1174.2,1174.12 1 0
go-source/pkg/database/mongodb/util.go:9.55,14.36 4 0
go-source/pkg/database/mongodb/util.go:14.36,18.20 3 0
go-source/pkg/database/mongodb/util.go:18.20,20.38 2 0
go-source/pkg/database/mongodb/util.go:20.38,22.5 1 0
go-source/pkg/database/mongodb/util.go:22.10,22.83 1 0
go-source/pkg/database/mongodb/util.go:22.83,24.5 1 0
go-source/pkg/database/mongodb/util.go:26.4,26.12 1 0
go-source/pkg/database/mongodb/util.go:26.12,29.22 3 0
go-source/pkg/database/mongodb/util.go:29.22,31.6 1 0
go-source/pkg/database/mongodb/util.go:32.5,32.24 1 0
go-source/pkg/database/mongodb/util.go:34.4,34.12 1 0
go-source/pkg/database/mongodb/util.go:37.3,37.111 1 0
go-source/pkg/database/mongodb/util.go:37.111,42.21 4 0
go-source/pkg/database/mongodb/util.go:42.21,44.5 1 0
go-source/pkg/database/mongodb/util.go:46.4,46.31 1 0
go-source/pkg/database/mongodb/util.go:46.31,48.5 1 0
go-source/pkg/database/mongodb/util.go:52.2,52.15 1 0
go-source/pkg/database/mongodb/util.go:55.106,57.9 2 0
go-source/pkg/database/mongodb/util.go:57.9,59.3 1 0
go-source/pkg/database/mongodb/util.go:61.2,61.49 1 0
go-source/pkg/database/mongodb/util.go:61.49,62.30 1 0
go-source/pkg/database/mongodb/util.go:62.30,63.33 1 0
go-source/pkg/database/mongodb/util.go:63.33,64.39 1 0
go-source/pkg/database/mongodb/util.go:64.39,66.20 2 0
go-source/pkg/database/mongodb/util.go:66.20,68.7 1 0
go-source/pkg/database/mongodb/util.go:69.6,69.34 1 0
go-source/pkg/database/mongodb/util.go:73.3,73.26 1 0
go-source/pkg/database/mongodb/util.go:76.2,76.65 1 0
go-source/pkg/database/mongodb/util.go:76.65,77.38 1 0
go-source/pkg/database/mongodb/util.go:77.38,78.33 1 0
go-source/pkg/database/mongodb/util.go:78.33,79.39 1 0
go-source/pkg/database/mongodb/util.go:79.39,81.20 2 0
go-source/pkg/database/mongodb/util.go:81.20,83.7 1 0
go-source/pkg/database/mongodb/util.go:84.6,84.42 1 0
go-source/pkg/database/mongodb/util.go:88.3,88.42 1 0
go-source/pkg/database/mongodb/util.go:91.2,91.18 1 0
go-source/pkg/database/mongodb/util.go:94.41,97.26 3 0
go-source/pkg/database/mongodb/util.go:97.26,98.13 1 0
go-source/pkg/database/mongodb/util.go:98.13,99.9 1 0
go-source/pkg/database/mongodb/util.go:102.3,102.18 1 0
go-source/pkg/database/mongodb/util.go:102.18,104.4 1 0
go-source/pkg/database/mongodb/util.go:106.2,106.10 1 0
go-source/pkg/jwt/jwt.go:37.42,44.17 2 0
go-source/pkg/jwt/jwt.go:45.48,48.17 2 0
go-source/pkg/jwt/jwt.go:48.17,50.4 1 0
go-source/pkg/jwt/jwt.go:52.3,56.17 3 0
go-source/pkg/jwt/jwt.go:56.17,58.4 1 0
go-source/pkg/jwt/jwt.go:60.3,61.8 2 0
go-source/pkg/jwt/jwt.go:63.27,66.17 2 0
go-source/pkg/jwt/jwt.go:66.17,68.4 1 0
go-source/pkg/jwt/jwt.go:70.3,72.8 3 0
go-source/pkg/jwt/jwt.go:74.13,77.17 2 0
go-source/pkg/jwt/jwt.go:77.17,79.4 1 0
go-source/pkg/jwt/jwt.go:82.3,83.10 2 0
go-source/pkg/jwt/jwt.go:83.10,85.4 1 0
go-source/pkg/jwt/jwt.go:87.3,88.10 2 0
go-source/pkg/jwt/jwt.go:88.10,90.4 1 0
go-source/pkg/jwt/jwt.go:92.3,94.8 3 0
go-source/pkg/jwt/jwt.go:96.10,97.53 1 0
go-source/pkg/jwt/jwt.go:100.2,100.18 1 0
go-source/pkg/jwt/jwt.go:103.61,105.16 2 0
go-source/pkg/jwt/jwt.go:105.16,107.3 1 0
go-source/pkg/jwt/jwt.go:109.2,111.16 3 0
go-source/pkg/jwt/jwt.go:111.16,113.3 1 0
go-source/pkg/jwt/jwt.go:115.2,117.41 2 0
go-source/pkg/jwt/jwt.go:120.78,122.80 1 0
go-source/pkg/jwt/jwt.go:122.80,125.19 2 0
go-source/pkg/jwt/jwt.go:125.19,127.4 1 0
go-source/pkg/jwt/jwt.go:129.3,129.26 1 0
go-source/pkg/jwt/jwt.go:132.2,132.16 1 0
go-source/pkg/jwt/jwt.go:132.16,134.3 1 0
go-source/pkg/jwt/jwt.go:137.2,137.18 1 0
go-source/pkg/jwt/jwt.go:137.18,139.3 1 0
go-source/pkg/jwt/jwt.go:142.2,143.16 2 0
go-source/pkg/jwt/jwt.go:143.16,145.3 1 0
go-source/pkg/jwt/jwt.go:147.2,148.16 2 0
go-source/pkg/jwt/jwt.go:148.16,150.3 1 0
go-source/pkg/jwt/jwt.go:152.2,152.12 1 0
go-source/pkg/jwt/jwt.go:155.41,157.2 1 0
go-source/pkg/jwt/jwt.go:159.44,161.2 1 0
go-source/pkg/jwt/jwt.go:163.61,167.26 2 0
go-source/pkg/jwt/jwt.go:167.26,169.3 1 0
go-source/pkg/jwt/jwt.go:172.2,173.16 2 0
go-source/pkg/jwt/jwt.go:173.16,175.3 1 0
go-source/pkg/jwt/jwt.go:177.2,178.16 2 0
go-source/pkg/jwt/jwt.go:178.16,180.3 1 0
go-source/pkg/jwt/jwt.go:182.2,182.12 1 0
go-source/pkg/jwt/jwt.go:185.61,189.26 2 0
go-source/pkg/jwt/jwt.go:189.26,191.3 1 0
go-source/pkg/jwt/jwt.go:194.2,195.16 2 0
go-source/pkg/jwt/jwt.go:195.16,197.3 1 0
go-source/pkg/jwt/jwt.go:199.2,200.16 2 0
go-source/pkg/jwt/jwt.go:200.16,202.3 1 0
go-source/pkg/jwt/jwt.go:204.2,204.12 1 0
go-source/pkg/jwt/jwt.go:207.64,209.80 1 0
go-source/pkg/jwt/jwt.go:209.80,211.32 1 0
go-source/pkg/jwt/jwt.go:211.32,213.4 1 0
go-source/pkg/jwt/jwt.go:216.3,216.14 1 0
go-source/pkg/jwt/jwt.go:217.49,219.11 2 0
go-source/pkg/jwt/jwt.go:219.11,221.5 1 0
go-source/pkg/jwt/jwt.go:223.4,223.22 1 0
go-source/pkg/jwt/jwt.go:225.28,227.11 2 0
go-source/pkg/jwt/jwt.go:227.11,229.5 1 0
go-source/pkg/jwt/jwt.go:231.4,231.22 1 0
go-source/pkg/jwt/jwt.go:233.11,234.50 1 0
go-source/pkg/jwt/jwt.go:238.2,238.16 1 0
go-source/pkg/jwt/jwt.go:238.16,240.3 1 0
go-source/pkg/jwt/jwt.go:243.2,243.18 1 0
go-source/pkg/jwt/jwt.go:243.18,245.3 1 0
go-source/pkg/jwt/jwt.go:247.2,247.12 1 0
go-source/pkg/jwt/jwt.go:250.86,252.80 1 0
go-source/pkg/jwt/jwt.go:252.80,254.32 1 0
go-source/pkg/jwt/jwt.go:254.32,256.4 1 0
go-source/pkg/jwt/jwt.go:259.3,259.14 1 0
go-source/pkg/jwt/jwt.go:260.49,262.11 2 0
go-source/pkg/jwt/jwt.go:262.11,264.5 1 0
go-source/pkg/jwt/jwt.go:266.4,266.22 1 0
go-source/pkg/jwt/jwt.go:268.28,270.11 2 0
go-source/pkg/jwt/jwt.go:270.11,272.5 1 0
go-source/pkg/jwt/jwt.go:274.4,274.22 1 0
go-source/pkg/jwt/jwt.go:276.11,277.50 1 0
go-source/pkg/jwt/jwt.go:281.2,281.16 1 0
go-source/pkg/jwt/jwt.go:281.16,283.3 1 0
go-source/pkg/jwt/jwt.go:286.2,286.18 1 0
go-source/pkg/jwt/jwt.go:286.18,288.3 1 0
go-source/pkg/jwt/jwt.go:291.2,292.16 2 0
go-source/pkg/jwt/jwt.go:292.16,294.3 1 0
go-source/pkg/jwt/jwt.go:296.2,297.16 2 0
go-source/pkg/jwt/jwt.go:297.16,299.3 1 0
go-source/pkg/jwt/jwt.go:301.2,301.12 1 0
go-source/pkg/log/context.go:15.34,17.2 1 0
go-source/pkg/log/context.go:19.53,21.2 1 0
go-source/pkg/log/context.go:23.75,25.2 1 0
go-source/pkg/log/context.go:27.77,29.2 1 0
go-source/pkg/log/context.go:31.70,33.2 1 0
go-source/pkg/log/context.go:35.47,37.2 1 0
go-source/pkg/log/context.go:39.58,41.2 1 0
go-source/pkg/log/context.go:43.65,45.2 1 0
go-source/pkg/log/context.go:47.56,49.2 1 0
go-source/pkg/log/context.go:51.54,53.2 1 0
go-source/pkg/log/context.go:55.56,57.2 1 0
go-source/pkg/log/context.go:59.55,61.2 1 0
go-source/pkg/log/context.go:63.57,65.2 1 0
go-source/pkg/log/context.go:67.41,69.2 1 0
go-source/pkg/log/context.go:71.51,73.2 1 0
go-source/pkg/log/context.go:75.51,77.2 1 0
go-source/pkg/log/context.go:79.54,81.2 1 0
go-source/pkg/log/context.go:83.49,85.2 1 0
go-source/pkg/log/context.go:87.52,89.2 1 0
go-source/pkg/log/context.go:91.51,93.2 1 0
go-source/pkg/log/context.go:95.54,97.2 1 0
go-source/pkg/log/context.go:99.53,101.2 1 0
go-source/pkg/log/context.go:103.56,105.2 1 0
go-source/pkg/log/context.go:107.53,109.2 1 0
go-source/pkg/log/context.go:111.56,113.2 1 0
go-source/pkg/log/context.go:115.53,117.2 1 0
go-source/pkg/log/context.go:119.56,121.2 1 0
go-source/pkg/log/context.go:123.51,125.2 1 0
go-source/pkg/log/context.go:127.54,129.2 1 0
go-source/pkg/log/context.go:131.53,133.2 1 0
go-source/pkg/log/context.go:135.56,137.2 1 0
go-source/pkg/log/context.go:139.55,141.2 1 0
go-source/pkg/log/context.go:143.58,145.2 1 0
go-source/pkg/log/context.go:147.55,149.2 1 0
go-source/pkg/log/context.go:151.58,153.2 1 0
go-source/pkg/log/context.go:155.55,157.2 1 0
go-source/pkg/log/context.go:159.58,161.2 1 0
go-source/pkg/log/context.go:163.57,165.2 1 0
go-source/pkg/log/context.go:167.60,169.2 1 0
go-source/pkg/log/context.go:171.57,173.2 1 0
go-source/pkg/log/context.go:175.60,177.2 1 0
go-source/pkg/log/context.go:179.38,181.2 1 0
go-source/pkg/log/context.go:183.56,185.2 1 0
go-source/pkg/log/context.go:187.59,189.2 1 0
go-source/pkg/log/context.go:191.59,193.2 1 0
go-source/pkg/log/context.go:195.62,197.2 1 0
go-source/pkg/log/context.go:199.63,201.2 1 0
go-source/pkg/log/context.go:203.60,205.2 1 0
go-source/pkg/log/context.go:207.57,209.2 1 0
go-source/pkg/log/context.go:211.35,213.2 1 0
go-source/pkg/log/context.go:215.71,217.2 1 0
go-source/pkg/log/context.go:219.34,221.2 1 0
go-source/pkg/log/context.go:223.56,225.2 1 0
go-source/pkg/log/context.go:227.62,229.2 1 0
go-source/pkg/log/context.go:231.67,233.2 1 0
go-source/pkg/log/event.go:16.32,18.2 1 0
go-source/pkg/log/event.go:20.34,23.2 2 0
go-source/pkg/log/event.go:25.33,27.2 1 0
go-source/pkg/log/event.go:29.24,31.2 1 0
go-source/pkg/log/event.go:33.55,35.2 1 0
go-source/pkg/log/event.go:37.50,39.2 1 0
go-source/pkg/log/event.go:41.51,44.2 2 0
go-source/pkg/log/event.go:46.54,49.2 2 0
go-source/pkg/log/event.go:51.73,54.2 2 0
go-source/pkg/log/event.go:56.75,59.2 2 0
go-source/pkg/log/event.go:61.47,62.42 1 0
go-source/pkg/log/event.go:62.42,64.3 1 0
go-source/pkg/log/event.go:65.2,65.10 1 0
go-source/pkg/log/event.go:68.68,71.2 2 0
go-source/pkg/log/event.go:73.45,76.2 2 0
go-source/pkg/log/event.go:78.56,81.2 2 0
go-source/pkg/log/event.go:83.63,86.2 2 0
go-source/pkg/log/event.go:88.67,91.2 2 0
go-source/pkg/log/event.go:93.54,96.2 2 0
go-source/pkg/log/event.go:98.52,101.2 2 0
go-source/pkg/log/event.go:103.54,106.2 2 0
go-source/pkg/log/event.go:108.54,111.2 2 0
go-source/pkg/log/event.go:113.53,116.2 2 0
go-source/pkg/log/event.go:118.55,121.2 2 0
go-source/pkg/log/event.go:123.39,126.2 2 0
go-source/pkg/log/event.go:128.32,131.2 2 0
go-source/pkg/log/event.go:133.49,136.2 2 0
go-source/pkg/log/event.go:138.42,140.2 1 0
go-source/pkg/log/event.go:142.49,145.2 2 0
go-source/pkg/log/event.go:147.52,150.2 2 0
go-source/pkg/log/event.go:152.47,155.2 2 0
go-source/pkg/log/event.go:157.50,160.2 2 0
go-source/pkg/log/event.go:162.49,165.2 2 0
go-source/pkg/log/event.go:167.52,170.2 2 0
go-source/pkg/log/event.go:172.51,175.2 2 0
go-source/pkg/log/event.go:177.54,180.2 2 0
go-source/pkg/log/event.go:182.51,185.2 2 0
go-source/pkg/log/event.go:187.54,190.2 2 0
go-source/pkg/log/event.go:192.51,195.2 2 0
go-source/pkg/log/event.go:197.54,200.2 2 0
go-source/pkg/log/event.go:202.49,205.2 2 0
go-source/pkg/log/event.go:207.52,210.2 2 0
go-source/pkg/log/event.go:212.51,215.2 2 0
go-source/pkg/log/event.go:217.54,220.2 2 0
go-source/pkg/log/event.go:222.53,225.2 2 0
go-source/pkg/log/event.go:227.56,230.2 2 0
go-source/pkg/log/event.go:232.53,235.2 2 0
go-source/pkg/log/event.go:237.56,240.2 2 0
go-source/pkg/log/event.go:242.53,245.2 2 0
go-source/pkg/log/event.go:247.56,250.2 2 0
go-source/pkg/log/event.go:252.55,255.2 2 0
go-source/pkg/log/event.go:257.58,260.2 2 0
go-source/pkg/log/event.go:262.55,265.2 2 0
go-source/pkg/log/event.go:267.58,270.2 2 0
go-source/pkg/log/event.go:272.36,275.2 2 0
go-source/pkg/log/event.go:277.54,280.2 2 0
go-source/pkg/log/event.go:282.57,285.2 2 0
go-source/pkg/log/event.go:287.57,290.2 2 0
go-source/pkg/log/event.go:292.60,295.2 2 0
go-source/pkg/log/event.go:297.75,300.2 2 0
go-source/pkg/log/event.go:302.55,305.2 2 0
go-source/pkg/log/event.go:307.61,310.2 2 0
go-source/pkg/log/event.go:312.58,315.2 2 0
go-source/pkg/log/event.go:317.50,320.2 2 0
go-source/pkg/log/event.go:322.44,325.2 2 0
go-source/pkg/log/event.go:327.54,330.2 2 0
go-source/pkg/log/event.go:332.60,335.2 2 0
go-source/pkg/log/event.go:337.65,340.2 2 0
go-source/pkg/log/event.go:342.52,343.43 1 0
go-source/pkg/log/event.go:343.43,345.3 1 0
go-source/pkg/log/event.go:345.8,347.3 1 0
go-source/pkg/log/event.go:348.2,348.10 1 0
go-source/pkg/log/event.go:351.67,352.52 1 0
go-source/pkg/log/event.go:352.52,354.3 1 0
go-source/pkg/log/event.go:354.8,356.3 1 0
go-source/pkg/log/event.go:357.2,357.10 1 0
go-source/pkg/log/event.go:360.72,361.52 1 0
go-source/pkg/log/event.go:361.52,363.3 1 0
go-source/pkg/log/event.go:363.8,365.3 1 0
go-source/pkg/log/event.go:366.2,366.10 1 0
go-source/pkg/log/event.go:369.70,370.52 1 0
go-source/pkg/log/event.go:370.52,371.44 1 0
go-source/pkg/log/event.go:371.44,373.4 1 0
go-source/pkg/log/event.go:374.8,376.3 1 0
go-source/pkg/log/event.go:377.2,377.10 1 0
go-source/pkg/log/log.go:26.34,29.27 3 0
go-source/pkg/log/log.go:29.27,31.3 1 0
go-source/pkg/log/log.go:33.2,33.23 1 0
go-source/pkg/log/log.go:33.23,35.3 1 0
go-source/pkg/log/log.go:37.2,39.30 3 0
go-source/pkg/log/log.go:42.32,43.23 1 0
go-source/pkg/log/log.go:43.23,45.3 1 0
go-source/pkg/log/log.go:48.26,50.2 1 0
go-source/pkg/log/log.go:52.57,53.44 1 0
go-source/pkg/log/log.go:53.44,55.3 1 0
go-source/pkg/log/log.go:57.2,58.16 2 0
go-source/pkg/log/log.go:58.16,59.126 1 0
go-source/pkg/log/log.go:59.126,60.57 1 0
go-source/pkg/log/log.go:60.57,63.5 2 0
go-source/pkg/log/log.go:68.59,69.44 1 0
go-source/pkg/log/log.go:69.44,71.3 1 0
go-source/pkg/log/log.go:73.2,76.17 2 0
go-source/pkg/log/log.go:76.17,78.3 1 0
go-source/pkg/log/log.go:80.2,81.29 2 0
go-source/pkg/log/log.go:81.29,83.3 1 0
go-source/pkg/log/log.go:86.2,86.32 1 0
go-source/pkg/log/log.go:86.32,87.52 1 0
go-source/pkg/log/log.go:87.52,88.34 1 0
go-source/pkg/log/log.go:88.34,90.5 1 0
go-source/pkg/log/log.go:92.4,92.143 1 0
go-source/pkg/log/log.go:92.143,93.58 1 0
go-source/pkg/log/log.go:93.58,96.6 2 0
go-source/pkg/log/log.go:102.40,103.44 1 0
go-source/pkg/log/log.go:103.44,105.3 1 0
go-source/pkg/log/log.go:107.2,107.39 1 0
go-source/pkg/log/log.go:108.14,110.17 2 0
go-source/pkg/log/log.go:110.17,112.4 1 0
go-source/pkg/log/log.go:114.3,115.25 2 0
go-source/pkg/log/log.go:116.15,118.17 2 0
go-source/pkg/log/log.go:118.17,120.4 1 0
go-source/pkg/log/log.go:122.3,123.25 2 0
go-source/pkg/log/log.go:126.2,126.96 1 0
go-source/pkg/log/log.go:129.62,130.44 1 0
go-source/pkg/log/log.go:130.44,132.3 1 0
go-source/pkg/log/log.go:134.2,134.26 1 0
go-source/pkg/log/log.go:135.14,136.39 1 0
go-source/pkg/log/log.go:137.15,138.40 1 0
go-source/pkg/log/log.go:141.2,141.105 1 0
go-source/pkg/log/logger.go:19.39,23.2 3 0
go-source/pkg/log/logger.go:25.74,28.22 3 0
go-source/pkg/log/logger.go:28.22,30.3 1 0
go-source/pkg/log/logger.go:31.2,31.23 1 0
go-source/pkg/log/logger.go:34.44,36.2 1 0
go-source/pkg/log/logger.go:38.49,40.2 1 0
go-source/pkg/log/logger.go:42.50,44.2 1 0
go-source/pkg/log/logger.go:46.52,48.2 1 0
go-source/pkg/log/logger.go:54.32,56.2 1 0
go-source/pkg/log/logger.go:62.66,64.2 1 0
go-source/pkg/log/logger.go:70.33,72.2 1 0
go-source/pkg/log/logger.go:74.33,76.2 1 0
go-source/pkg/log/logger.go:78.32,80.2 1 0
go-source/pkg/log/logger.go:82.32,84.2 1 0
go-source/pkg/log/logger.go:86.33,88.2 1 0
go-source/pkg/log/logger.go:90.40,92.2 1 0
go-source/pkg/log/logger.go:94.33,96.2 1 0
go-source/pkg/log/logger.go:98.33,100.2 1 0
go-source/pkg/log/logger.go:102.56,104.2 1 0
go-source/pkg/log/logger.go:106.31,108.2 1 0
go-source/pkg/log/logger.go:114.37,116.9 2 0
go-source/pkg/log/logger.go:116.9,118.3 1 0
go-source/pkg/log/logger.go:120.2,124.52 4 0
go-source/pkg/log/logger.go:127.42,129.2 1 0
go-source/pkg/log/logger.go:131.52,133.2 1 0
go-source/pkg/log/logger.go:135.80,137.2 1 0
go-source/pkg/log/logger.go:139.42,141.2 1 0
go-source/pkg/log/logger.go:143.58,145.2 1 0
go-source/pkg/log/logger.go:147.44,149.2 1 0
go-source/pkg/log/utils.go:9.28,16.2 6 0
go-source/pkg/event_bus/event_bus.go:31.30,32.17 1 0
go-source/pkg/event_bus/event_bus.go:32.17,36.3 1 0
go-source/pkg/event_bus/event_bus.go:37.2,37.17 1 0
go-source/pkg/event_bus/event_bus.go:40.30,42.2 1 0
go-source/pkg/event_bus/event_bus.go:44.65,47.44 3 0
go-source/pkg/event_bus/event_bus.go:47.44,49.3 1 0
go-source/pkg/event_bus/event_bus.go:51.2,53.26 2 0
go-source/pkg/event_bus/event_bus.go:53.26,54.26 1 0
go-source/pkg/event_bus/event_bus.go:54.26,55.11 1 0
go-source/pkg/event_bus/event_bus.go:56.28,56.28 0 0
go-source/pkg/event_bus/event_bus.go:57.12,58.42 1 0
go-source/pkg/event_bus/event_bus.go:64.67,65.30 1 0
go-source/pkg/event_bus/event_bus.go:65.30,67.3 1 0
go-source/pkg/event_bus/event_bus.go:69.2,69.27 1 0
go-source/pkg/event_bus/event_bus.go:69.27,71.30 2 0
go-source/pkg/event_bus/event_bus.go:71.30,74.4 2 0
go-source/pkg/event_bus/event_bus.go:77.2,77.53 1 0
go-source/pkg/event_bus/event_bus.go:77.53,79.3 1 0
go-source/pkg/event_bus/event_bus.go:81.2,84.9 2 0
go-source/pkg/event_bus/event_bus.go:85.26,86.68 1 0
go-source/pkg/event_bus/event_bus.go:87.34,88.13 1 0
go-source/pkg/event_bus/event_bus.go:92.67,97.9 4 0
go-source/pkg/event_bus/event_bus.go:97.9,99.3 1 0
go-source/pkg/event_bus/event_bus.go:102.2,104.12 2 0
go-source/pkg/event_bus/event_bus.go:108.41,109.15 1 0
go-source/pkg/event_bus/event_bus.go:109.15,110.31 1 0
go-source/pkg/event_bus/event_bus.go:110.31,112.4 1 0
go-source/pkg/event_bus/event_bus.go:114.2,114.9 1 0
go-source/pkg/event_bus/event_bus.go:115.17,115.17 0 0
go-source/pkg/event_bus/event_bus.go:116.10,116.10 0 0
go-source/pkg/metric/global.go:5.84,11.2 2 0
go-source/pkg/metric/global.go:13.78,19.2 2 0
go-source/pkg/metric/global.go:21.90,27.2 2 0
go-source/pkg/metric/global.go:29.74,35.2 2 0
go-source/pkg/metric/label.go:35.31,39.2 1 0
go-source/pkg/metric/label.go:41.46,46.28 2 0
go-source/pkg/metric/label.go:46.28,48.3 1 0
go-source/pkg/metric/label.go:50.2,50.11 1 0
go-source/pkg/metric/label.go:53.44,54.25 1 0
go-source/pkg/metric/label.go:54.25,56.3 1 0
go-source/pkg/metric/label.go:59.50,60.25 1 0
go-source/pkg/metric/label.go:60.25,62.3 1 0
go-source/pkg/metric/label.go:65.40,66.25 1 0
go-source/pkg/metric/label.go:66.25,68.3 1 0
go-source/pkg/metric/label.go:71.44,72.25 1 0
go-source/pkg/metric/label.go:72.25,73.26 1 0
go-source/pkg/metric/label.go:73.26,75.4 1 0
go-source/pkg/metric/label.go:79.54,81.27 2 0
go-source/pkg/metric/label.go:81.27,83.3 1 0
go-source/pkg/metric/label.go:85.2,85.13 1 0
go-source/pkg/metric/label.go:88.43,90.2 1 0
go-source/pkg/metric/label.go:92.45,94.2 1 0
go-source/pkg/metric/label.go:96.77,98.2 1 0
go-source/pkg/metric/label.go:102.8,104.2 1 0
go-source/pkg/metric/prometheus.go:15.13,18.16 3 0
go-source/pkg/metric/prometheus.go:18.16,20.3 1 0
go-source/pkg/metric/prometheus.go:22.2,33.38 3 0
go-source/pkg/metric/prometheus.go:36.35,38.2 1 0
go-source/pkg/metric/sync_metric.go:25.49,28.28 2 0
go-source/pkg/metric/sync_metric.go:28.28,30.3 1 0
go-source/pkg/metric/sync_metric.go:32.2,32.20 1 0
go-source/pkg/metric/sync_metric.go:32.20,34.3 1 0
go-source/pkg/metric/sync_metric.go:36.2,37.10 2 0
go-source/pkg/metric/sync_metric.go:40.68,43.2 2 0
go-source/pkg/metric/sync_metric.go:45.67,46.25 1 0
go-source/pkg/metric/sync_metric.go:46.25,48.3 1 0
go-source/pkg/metric/sync_metric.go:51.59,52.25 1 0
go-source/pkg/metric/sync_metric.go:52.25,54.3 1 0
go-source/pkg/metric/sync_metric.go:57.77,58.25 1 0
go-source/pkg/metric/sync_metric.go:58.25,60.3 1 0
go-source/pkg/metric/sync_metric.go:63.44,64.25 1 0
go-source/pkg/metric/sync_metric.go:64.25,66.3 1 0
go-source/pkg/metric/sync_metric.go:69.53,70.25 1 0
go-source/pkg/metric/sync_metric.go:70.25,72.3 1 0
go-source/pkg/metric/sync_metric.go:75.69,76.25 1 0
go-source/pkg/metric/sync_metric.go:76.25,78.3 1 0
go-source/pkg/metric/sync_metric.go:81.33,82.16 1 0
go-source/pkg/metric/sync_metric.go:82.16,83.31 1 0
go-source/pkg/metric/sync_metric.go:83.31,85.4 1 0
go-source/pkg/metric/sync_metric.go:85.9,87.4 1 0
go-source/pkg/metric/sync_metric.go:90.2,91.20 2 0
go-source/pkg/metric/sync_metric.go:91.20,93.3 1 0
go-source/pkg/metric/sync_metric.go:94.2,95.12 2 0
go-source/pkg/metric/sync_metric.go:98.40,99.16 1 0
go-source/pkg/metric/sync_metric.go:99.16,100.31 1 0
go-source/pkg/metric/sync_metric.go:100.31,102.4 1 0
go-source/pkg/metric/sync_metric.go:105.2,106.12 2 0
go-source/pkg/metric/sync_metric.go:109.46,110.16 1 0
go-source/pkg/metric/sync_metric.go:110.16,111.31 1 0
go-source/pkg/metric/sync_metric.go:111.31,113.4 1 0
go-source/pkg/metric/sync_metric.go:116.2,117.12 2 0
go-source/pkg/metric/sync_metric.go:120.87,122.2 1 0
go-source/pkg/metric/sync_metric.go:124.79,126.2 1 0
go-source/pkg/metric/sync_metric.go:128.97,130.2 1 0
go-source/pkg/metric/sync_metric.go:132.109,134.2 1 0
go-source/pkg/metric/sync_metric.go:136.82,145.2 1 0
go-source/pkg/metric/sync_metric.go:147.93,156.2 1 0
go-source/pkg/poc/main.go:17.13,25.77 4 0
go-source/pkg/poc/main.go:25.77,28.3 1 0
go-source/pkg/poc/main.go:30.2,31.14 2 0
go-source/pkg/poc/main.go:34.21,38.16 4 0
go-source/pkg/poc/main.go:38.16,41.3 2 0
go-source/pkg/middlewares/authorization.go:16.72,17.54 1 0
go-source/pkg/middlewares/authorization.go:17.54,18.37 1 0
go-source/pkg/middlewares/authorization.go:18.37,23.19 3 0
go-source/pkg/middlewares/authorization.go:23.19,29.5 1 0
go-source/pkg/middlewares/authorization.go:32.4,34.18 3 0
go-source/pkg/middlewares/authorization.go:34.18,37.38 2 0
go-source/pkg/middlewares/authorization.go:37.38,43.6 1 0
go-source/pkg/middlewares/authorization.go:46.5,47.11 2 0
go-source/pkg/middlewares/authorization.go:47.11,50.6 1 0
go-source/pkg/middlewares/authorization.go:53.4,60.41 3 0
go-source/pkg/middlewares/authorization.go:60.41,62.5 1 0
go-source/pkg/middlewares/authorization.go:63.4,68.18 4 0
go-source/pkg/middlewares/authorization.go:68.18,70.28 2 0
go-source/pkg/middlewares/authorization.go:70.28,71.66 1 0
go-source/pkg/middlewares/authorization.go:71.66,77.7 1 0
go-source/pkg/middlewares/authorization.go:80.5,80.31 1 0
go-source/pkg/middlewares/authorization.go:80.31,86.6 1 0
go-source/pkg/middlewares/authorization.go:88.5,92.7 1 0
go-source/pkg/middlewares/authorization.go:95.4,96.16 2 0
go-source/pkg/middlewares/authorization.go:96.16,99.5 1 0
go-source/pkg/middlewares/authorization.go:102.4,104.18 2 0
go-source/pkg/middlewares/rate_limit.go:14.54,15.54 1 0
go-source/pkg/middlewares/rate_limit.go:15.54,16.37 1 0
go-source/pkg/middlewares/rate_limit.go:16.37,17.19 1 0
go-source/pkg/middlewares/rate_limit.go:17.19,19.5 1 0
go-source/pkg/middlewares/rate_limit.go:20.4,23.43 4 0
go-source/pkg/middlewares/rate_limit.go:23.43,26.5 2 0
go-source/pkg/middlewares/rate_limit.go:27.4,27.26 1 0
go-source/pkg/middlewares/rate_limit.go:27.26,30.5 2 0
go-source/pkg/middlewares/rate_limit.go:31.4,37.18 3 0
go-source/pkg/middlewares/rate_limit.go:37.18,39.5 1 0
go-source/pkg/middlewares/rate_limit.go:41.4,41.27 1 0
go-source/pkg/middlewares/rate_limit.go:41.27,43.5 1 0
go-source/pkg/middlewares/rate_limit.go:45.4,45.18 1 0
go-source/pkg/middlewares/request.go:20.76,21.36 1 0
go-source/pkg/middlewares/request.go:21.36,23.18 2 0
go-source/pkg/middlewares/request.go:23.18,25.4 1 0
go-source/pkg/middlewares/request.go:28.3,39.17 7 0
go-source/pkg/middlewares/request.go:43.54,44.36 1 0
go-source/pkg/middlewares/request.go:44.36,52.30 5 0
go-source/pkg/middlewares/request.go:52.30,54.4 1 0
go-source/pkg/middlewares/request.go:55.3,57.49 2 0
go-source/pkg/middlewares/request.go:57.49,59.4 1 0
go-source/pkg/middlewares/request.go:62.3,67.33 5 0
go-source/pkg/middlewares/request.go:67.33,69.4 1 0
go-source/pkg/middlewares/request.go:70.3,76.17 7 0
go-source/pkg/middlewares/request.go:76.17,78.4 1 0
go-source/pkg/middlewares/request.go:79.3,79.40 1 0
go-source/pkg/middlewares/request.go:79.40,81.4 1 0
go-source/pkg/middlewares/request.go:83.3,88.71 4 0
go-source/pkg/middlewares/request.go:88.71,89.61 1 0
go-source/pkg/middlewares/request.go:89.61,91.5 1 0
go-source/pkg/middlewares/request.go:94.3,94.72 1 0
go-source/pkg/middlewares/request.go:94.72,95.61 1 0
go-source/pkg/middlewares/request.go:95.61,96.67 1 0
go-source/pkg/middlewares/request.go:96.67,98.6 1 0
go-source/pkg/middlewares/request.go:102.3,105.70 3 0
go-source/pkg/middlewares/request.go:105.70,107.4 1 0
go-source/pkg/middlewares/request.go:107.9,109.4 1 0
go-source/pkg/middlewares/request.go:111.3,112.24 2 0
go-source/pkg/middlewares/request.go:112.24,114.4 1 0
go-source/pkg/middlewares/request.go:114.9,116.4 1 0
go-source/pkg/middlewares/request.go:118.3,129.13 2 0
go-source/pkg/middlewares/request.go:138.56,140.2 1 0
go-source/pkg/middlewares/request.go:142.63,144.2 1 0
go-source/pkg/middlewares/request.go:146.42,148.2 1 0
go-source/pkg/middlewares/request.go:150.80,152.2 1 0
go-source/pkg/validate/validate.go:17.30,24.2 5 0
go-source/pkg/validate/validate.go:26.48,28.77 1 0
go-source/pkg/validate/validate.go:28.77,31.3 1 0
go-source/pkg/validate/validate.go:34.2,34.76 1 0
go-source/pkg/validate/validate.go:34.76,37.3 1 0
go-source/pkg/validate/validate.go:40.2,40.77 1 0
go-source/pkg/validate/validate.go:40.77,43.3 1 0
go-source/pkg/validate/validate.go:46.2,46.75 1 0
go-source/pkg/validate/validate.go:46.75,50.3 3 0
go-source/pkg/validate/validate.go:53.58,55.16 2 0
go-source/pkg/validate/validate.go:55.16,57.3 1 0
go-source/pkg/validate/validate.go:58.2,58.12 1 0
go-source/pkg/validate/validate.go:61.74,62.27 1 0
go-source/pkg/validate/validate.go:62.27,63.31 1 0
go-source/pkg/validate/validate.go:63.31,65.4 1 0
go-source/pkg/validate/validate.go:68.2,70.19 2 0
go-source/pkg/validate/validate.go:70.19,72.34 2 0
go-source/pkg/validate/validate.go:72.34,74.4 1 0
go-source/pkg/validate/validate.go:76.3,77.12 2 0
go-source/pkg/validate/validate.go:77.12,79.4 1 0
go-source/pkg/validate/validate.go:82.2,82.12 1 0
go-source/pkg/validate/validate.go:85.103,87.2 1 0
go-source/pkg/validate/validate.go:89.89,90.19 1 0
go-source/pkg/validate/validate.go:90.19,92.26 2 0
go-source/pkg/validate/validate.go:92.26,94.4 1 0
go-source/pkg/validate/validate.go:96.3,97.12 2 0
go-source/pkg/validate/validate.go:97.12,99.4 1 0
go-source/pkg/validate/validate.go:102.2,102.12 1 0
go-source/pkg/validate/validate.go:106.92,108.17 2 0
go-source/pkg/validate/validate.go:108.17,110.3 1 0
go-source/pkg/validate/validate.go:110.8,112.9 2 0
go-source/pkg/validate/validate.go:112.9,114.4 1 0
go-source/pkg/validate/validate.go:117.2,117.22 1 0
go-source/pkg/validate/validate.go:118.18,119.46 1 0
go-source/pkg/validate/validate.go:120.13,121.59 1 0
go-source/pkg/validate/validate.go:122.13,123.59 1 0
go-source/pkg/validate/validate.go:124.15,125.104 1 0
go-source/pkg/validate/validate.go:126.13,127.97 1 0
go-source/pkg/validate/validate.go:128.15,129.72 1 0
go-source/pkg/validate/validate.go:130.18,131.81 1 0
go-source/pkg/validate/validate.go:132.16,133.51 1 0
go-source/pkg/validate/validate.go:134.15,135.50 1 0
go-source/pkg/validate/validate.go:136.16,137.51 1 0
go-source/pkg/validate/validate.go:138.13,139.70 1 0
go-source/pkg/validate/validate.go:140.16,141.51 1 0
go-source/pkg/validate/validate.go:142.21,143.55 1 0
go-source/pkg/validate/validate.go:146.2,146.23 1 0
go-source/pkg/validate/validate.go:150.38,151.70 1 0
go-source/pkg/validate/validate.go:151.70,153.18 2 0
go-source/pkg/validate/validate.go:153.18,155.4 1 0
go-source/pkg/validate/validate.go:156.3,156.14 1 0
go-source/pkg/queue/kafka/consumer.go:37.62,46.32 3 0
go-source/pkg/queue/kafka/consumer.go:46.32,48.3 1 0
go-source/pkg/queue/kafka/consumer.go:50.2,50.29 1 0
go-source/pkg/queue/kafka/consumer.go:50.29,52.3 1 0
go-source/pkg/queue/kafka/consumer.go:52.8,52.37 1 0
go-source/pkg/queue/kafka/consumer.go:52.37,54.3 1 0
go-source/pkg/queue/kafka/consumer.go:56.2,56.28 1 0
go-source/pkg/queue/kafka/consumer.go:56.28,58.3 1 0
go-source/pkg/queue/kafka/consumer.go:60.2,60.28 1 0
go-source/pkg/queue/kafka/consumer.go:60.28,62.3 1 0
go-source/pkg/queue/kafka/consumer.go:64.2,66.16 2 0
go-source/pkg/queue/kafka/consumer.go:66.16,68.3 1 0
go-source/pkg/queue/kafka/consumer.go:70.2,74.3 2 0
go-source/pkg/queue/kafka/consumer.go:77.52,79.20 2 0
go-source/pkg/queue/kafka/consumer.go:79.20,81.3 1 0
go-source/pkg/queue/kafka/consumer.go:82.2,82.15 1 0
go-source/pkg/queue/kafka/consumer.go:85.53,87.15 2 0
go-source/pkg/queue/kafka/consumer.go:87.15,90.3 2 0
go-source/pkg/queue/kafka/consumer.go:91.2,91.22 1 0
go-source/pkg/queue/kafka/consumer.go:91.22,94.3 2 0
go-source/pkg/queue/kafka/consumer.go:95.2,98.60 3 0
go-source/pkg/queue/kafka/consumer.go:98.60,100.3 1 0
go-source/pkg/queue/kafka/consumer.go:102.2,102.6 1 0
go-source/pkg/queue/kafka/consumer.go:102.6,105.17 3 0
go-source/pkg/queue/kafka/consumer.go:105.17,107.63 2 0
go-source/pkg/queue/kafka/consumer.go:107.63,108.13 1 0
go-source/pkg/queue/kafka/consumer.go:110.4,111.12 2 0
go-source/pkg/queue/kafka/consumer.go:114.3,117.33 3 0
go-source/pkg/queue/kafka/consumer.go:117.33,118.35 1 0
go-source/pkg/queue/kafka/consumer.go:118.35,120.62 2 0
go-source/pkg/queue/kafka/consumer.go:120.62,121.11 1 0
go-source/pkg/queue/kafka/consumer.go:123.5,124.28 2 0
go-source/pkg/queue/kafka/consumer.go:128.3,128.24 1 0
go-source/pkg/queue/kafka/consumer.go:128.24,130.4 1 0
go-source/pkg/queue/kafka/consumer.go:132.3,143.62 3 0
go-source/pkg/queue/kafka/consumer.go:143.62,145.12 2 0
go-source/pkg/queue/kafka/consumer.go:148.3,148.51 1 0
go-source/pkg/queue/kafka/consumer.go:148.51,150.4 1 0
go-source/pkg/queue/kafka/consumer.go:154.51,155.2 0 0
go-source/pkg/queue/kafka/consumer.go:157.41,159.2 1 0
go-source/pkg/queue/kafka/producer.go:23.83,32.32 3 0
go-source/pkg/queue/kafka/producer.go:32.32,34.3 1 0
go-source/pkg/queue/kafka/producer.go:36.2,36.29 1 0
go-source/pkg/queue/kafka/producer.go:36.29,38.3 1 0
go-source/pkg/queue/kafka/producer.go:38.8,38.37 1 0
go-source/pkg/queue/kafka/producer.go:38.37,40.3 1 0
go-source/pkg/queue/kafka/producer.go:42.2,42.28 1 0
go-source/pkg/queue/kafka/producer.go:42.28,44.3 1 0
go-source/pkg/queue/kafka/producer.go:46.2,46.28 1 0
go-source/pkg/queue/kafka/producer.go:46.28,48.3 1 0
go-source/pkg/queue/kafka/producer.go:50.2,52.16 2 0
go-source/pkg/queue/kafka/producer.go:52.16,54.3 1 0
go-source/pkg/queue/kafka/producer.go:56.2,63.28 3 0
go-source/pkg/queue/kafka/producer.go:63.28,65.3 1 0
go-source/pkg/queue/kafka/producer.go:67.2,67.12 1 0
go-source/pkg/queue/kafka/producer.go:70.47,71.25 1 0
go-source/pkg/queue/kafka/producer.go:72.14,73.24 1 0
go-source/pkg/queue/kafka/producer.go:74.14,75.16 1 0
go-source/pkg/queue/kafka/producer.go:76.10,77.27 1 0
go-source/pkg/queue/kafka/producer.go:81.79,83.16 2 0
go-source/pkg/queue/kafka/producer.go:83.16,85.3 1 0
go-source/pkg/queue/kafka/producer.go:86.2,87.16 2 0
go-source/pkg/queue/kafka/producer.go:87.16,89.3 1 0
go-source/pkg/queue/kafka/producer.go:91.2,93.22 3 0
go-source/pkg/queue/kafka/producer.go:93.22,95.17 2 0
go-source/pkg/queue/kafka/producer.go:95.17,97.4 1 0
go-source/pkg/queue/kafka/producer.go:100.2,114.46 2 0
go-source/pkg/queue/kafka/producer.go:114.46,116.3 1 0
go-source/pkg/queue/kafka/producer.go:117.2,117.12 1 0
go-source/pkg/queue/kafka/producer.go:120.109,122.16 2 0
go-source/pkg/queue/kafka/producer.go:122.16,124.3 1 0
go-source/pkg/queue/kafka/producer.go:125.2,126.16 2 0
go-source/pkg/queue/kafka/producer.go:126.16,128.3 1 0
go-source/pkg/queue/kafka/producer.go:130.2,138.46 2 0
go-source/pkg/queue/kafka/producer.go:138.46,140.3 1 0
go-source/pkg/queue/kafka/producer.go:141.2,141.12 1 0
go-source/pkg/queue/kafka/producer.go:145.97,147.16 2 0
go-source/pkg/queue/kafka/producer.go:147.16,149.3 1 0
go-source/pkg/queue/kafka/producer.go:151.2,152.16 2 0
go-source/pkg/queue/kafka/producer.go:152.16,154.3 1 0
go-source/pkg/queue/kafka/producer.go:156.2,158.22 3 0
go-source/pkg/queue/kafka/producer.go:158.22,160.17 2 0
go-source/pkg/queue/kafka/producer.go:160.17,162.4 1 0
go-source/pkg/queue/kafka/producer.go:165.2,166.25 2 0
go-source/pkg/queue/kafka/producer.go:166.25,168.20 2 0
go-source/pkg/queue/kafka/producer.go:168.20,170.4 1 0
go-source/pkg/queue/kafka/producer.go:173.2,187.46 2 0
go-source/pkg/queue/kafka/producer.go:187.46,189.3 1 0
go-source/pkg/queue/kafka/producer.go:191.2,191.12 1 0
go-source/pkg/queue/kafka/producer.go:194.79,204.2 2 0
go-source/pkg/queue/kafka/producer.go:206.82,208.2 1 0
go-source/pkg/queue/kafka/producer.go:210.102,212.16 2 0
go-source/pkg/queue/kafka/producer.go:212.16,214.3 1 0
go-source/pkg/queue/kafka/producer.go:215.2,216.16 2 0
go-source/pkg/queue/kafka/producer.go:216.16,218.3 1 0
go-source/pkg/queue/kafka/producer.go:220.2,222.22 3 0
go-source/pkg/queue/kafka/producer.go:222.22,224.17 2 0
go-source/pkg/queue/kafka/producer.go:224.17,226.4 1 0
go-source/pkg/queue/kafka/producer.go:229.2,244.47 2 0
go-source/pkg/queue/kafka/producer.go:244.47,246.3 1 0
go-source/pkg/queue/kafka/producer.go:247.2,247.12 1 0
go-source/pkg/queue/kafka/producer.go:250.42,252.2 1 0
go-source/repositories/entity/model.go:16.39,18.2 1 0
go-source/repositories/entity/model.go:20.48,22.2 1 0
go-source/repositories/entity/repository.go:27.80,28.17 1 0
go-source/repositories/entity/repository.go:28.17,32.3 1 0
go-source/repositories/entity/repository.go:33.2,33.17 1 0
go-source/repositories/entity/repository.go:36.50,40.2 1 0
go-source/repositories/entity/repository.go:42.74,48.2 3 0
[...]
go-source/pkg/utils/deepcopy.go:57.31,59.4 1 0
go-source/pkg/utils/deepcopy.go:60.3,61.43 2 0
go-source/pkg/utils/deepcopy.go:63.25,65.23 1 0
go-source/pkg/utils/deepcopy.go:65.23,67.4 1 0
go-source/pkg/utils/deepcopy.go:69.3,74.21 4 0
go-source/pkg/utils/deepcopy.go:76.22,78.9 2 0
go-source/pkg/utils/deepcopy.go:78.9,81.4 2 0
go-source/pkg/utils/deepcopy.go:83.3,83.44 1 0
go-source/pkg/utils/deepcopy.go:83.44,87.46 1 0
go-source/pkg/utils/deepcopy.go:87.46,88.13 1 0
go-source/pkg/utils/deepcopy.go:90.4,90.50 1 0
go-source/pkg/utils/deepcopy.go:93.21,94.23 1 0
go-source/pkg/utils/deepcopy.go:94.23,96.4 1 0
go-source/pkg/utils/deepcopy.go:98.3,99.39 2 0
go-source/pkg/utils/deepcopy.go:99.39,101.4 1 0
go-source/pkg/utils/deepcopy.go:103.19,104.23 1 0
go-source/pkg/utils/deepcopy.go:104.23,106.4 1 0
go-source/pkg/utils/deepcopy.go:107.3,108.42 2 0
go-source/pkg/utils/deepcopy.go:108.42,114.4 5 0
go-source/pkg/utils/deepcopy.go:116.10,117.20 1 0
go-source/pkg/utils/encrypt_tag.go:9.79,10.15 1 0
go-source/pkg/utils/encrypt_tag.go:10.15,12.3 1 0
go-source/pkg/utils/encrypt_tag.go:15.2,20.36 4 0
go-source/pkg/utils/encrypt_tag.go:20.36,23.3 2 0
go-source/pkg/utils/encrypt_tag.go:25.2,28.32 2 0
go-source/pkg/utils/encrypt_tag.go:28.32,30.3 1 0
go-source/pkg/utils/encrypt_tag.go:32.2,37.36 3 0
go-source/pkg/utils/encrypt_tag.go:37.36,41.77 2 0
go-source/pkg/utils/encrypt_tag.go:41.77,42.12 1 0
go-source/pkg/utils/encrypt_tag.go:46.3,46.122 1 0
go-source/pkg/utils/encrypt_tag.go:46.122,47.12 1 0
go-source/pkg/utils/encrypt_tag.go:50.3,52.54 2 0
go-source/pkg/utils/encrypt_tag.go:52.54,54.18 2 0
go-source/pkg/utils/encrypt_tag.go:54.18,56.5 1 0
go-source/pkg/utils/encrypt_tag.go:57.4,58.12 2 0
go-source/pkg/utils/encrypt_tag.go:61.3,61.94 1 0
go-source/pkg/utils/encrypt_tag.go:61.94,63.18 2 0
go-source/pkg/utils/encrypt_tag.go:63.18,65.5 1 0
go-source/pkg/utils/encrypt_tag.go:66.4,67.12 2 0
go-source/pkg/utils/encrypt_tag.go:70.3,70.37 1 0
go-source/pkg/utils/encrypt_tag.go:70.37,72.18 2 0
go-source/pkg/utils/encrypt_tag.go:72.18,74.5 1 0
go-source/pkg/utils/encrypt_tag.go:75.4,76.12 2 0
go-source/pkg/utils/encrypt_tag.go:79.3,79.75 1 0
go-source/pkg/utils/encrypt_tag.go:79.75,81.18 2 0
go-source/pkg/utils/encrypt_tag.go:81.18,83.5 1 0
go-source/pkg/utils/encrypt_tag.go:84.4,84.63 1 0
go-source/pkg/utils/encrypt_tag.go:88.2,88.11 1 0
go-source/pkg/utils/encrypt_tag.go:88.11,90.3 1 0
go-source/pkg/utils/encrypt_tag.go:92.2,92.36 1 0
go-source/pkg/utils/encrypt_tag.go:96.84,97.15 1 0
go-source/pkg/utils/encrypt_tag.go:97.15,99.3 1 0
go-source/pkg/utils/encrypt_tag.go:102.2,106.31 3 0
go-source/pkg/utils/encrypt_tag.go:106.31,108.3 1 0
go-source/pkg/utils/encrypt_tag.go:110.2,110.31 1 0
go-source/pkg/utils/encrypt_tag.go:110.31,114.36 2 0
go-source/pkg/utils/encrypt_tag.go:114.36,116.18 2 0
go-source/pkg/utils/encrypt_tag.go:116.18,118.5 1 0
go-source/pkg/utils/encrypt_tag.go:119.4,120.12 2 0
go-source/pkg/utils/encrypt_tag.go:124.3,124.73 1 0
go-source/pkg/utils/encrypt_tag.go:124.73,126.18 2 0
go-source/pkg/utils/encrypt_tag.go:126.18,128.5 1 0
go-source/pkg/utils/encrypt_tag.go:129.4,129.50 1 0
go-source/pkg/utils/encrypt_tag.go:133.2,133.31 1 0
go-source/pkg/utils/encrypt_tag.go:137.82,138.15 1 0
go-source/pkg/utils/encrypt_tag.go:138.15,140.3 1 0
go-source/pkg/utils/encrypt_tag.go:142.2,145.32 2 0
go-source/pkg/utils/encrypt_tag.go:145.32,146.87 1 0
go-source/pkg/utils/encrypt_tag.go:146.87,148.4 1 0
go-source/pkg/utils/encrypt_tag.go:148.9,150.4 1 0
go-source/pkg/utils/encrypt_tag.go:154.2,154.66 1 0
go-source/pkg/utils/encrypt_tag.go:154.66,155.87 1 0
go-source/pkg/utils/encrypt_tag.go:155.87,157.4 1 0
go-source/pkg/utils/encrypt_tag.go:157.9,159.4 1 0
go-source/pkg/utils/encrypt_tag.go:163.2,163.31 1 0
go-source/pkg/utils/encrypt_tag.go:163.31,164.92 1 0
go-source/pkg/utils/encrypt_tag.go:164.92,166.4 1 0
go-source/pkg/utils/encrypt_tag.go:166.9,168.4 1 0
go-source/pkg/utils/encrypt_tag.go:171.2,171.19 1 0
go-source/pkg/utils/encrypt_tag.go:175.79,176.15 1 0
go-source/pkg/utils/encrypt_tag.go:176.15,178.3 1 0
go-source/pkg/utils/encrypt_tag.go:181.2,186.36 4 0
go-source/pkg/utils/encrypt_tag.go:186.36,189.3 2 0
go-source/pkg/utils/encrypt_tag.go:191.2,194.32 2 0
go-source/pkg/utils/encrypt_tag.go:194.32,196.3 1 0
go-source/pkg/utils/encrypt_tag.go:198.2,203.36 3 0
go-source/pkg/utils/encrypt_tag.go:203.36,207.77 2 0
go-source/pkg/utils/encrypt_tag.go:207.77,208.12 1 0
go-source/pkg/utils/encrypt_tag.go:212.3,212.122 1 0
go-source/pkg/utils/encrypt_tag.go:212.122,213.12 1 0
go-source/pkg/utils/encrypt_tag.go:216.3,218.54 2 0
go-source/pkg/utils/encrypt_tag.go:218.54,220.18 2 0
go-source/pkg/utils/encrypt_tag.go:220.18,222.5 1 0
go-source/pkg/utils/encrypt_tag.go:223.4,224.12 2 0
go-source/pkg/utils/encrypt_tag.go:227.3,227.94 1 0
go-source/pkg/utils/encrypt_tag.go:227.94,229.18 2 0
go-source/pkg/utils/encrypt_tag.go:229.18,231.5 1 0
go-source/pkg/utils/encrypt_tag.go:232.4,233.12 2 0
go-source/pkg/utils/encrypt_tag.go:236.3,236.37 1 0
go-source/pkg/utils/encrypt_tag.go:236.37,238.18 2 0
go-source/pkg/utils/encrypt_tag.go:238.18,240.5 1 0
go-source/pkg/utils/encrypt_tag.go:241.4,242.12 2 0
go-source/pkg/utils/encrypt_tag.go:245.3,245.75 1 0
go-source/pkg/utils/encrypt_tag.go:245.75,247.18 2 0
go-source/pkg/utils/encrypt_tag.go:247.18,249.5 1 0
go-source/pkg/utils/encrypt_tag.go:250.4,250.63 1 0
go-source/pkg/utils/encrypt_tag.go:254.2,254.11 1 0
go-source/pkg/utils/encrypt_tag.go:254.11,256.3 1 0
go-source/pkg/utils/encrypt_tag.go:258.2,258.36 1 0
go-source/pkg/utils/encrypt_tag.go:262.84,263.15 1 0
go-source/pkg/utils/encrypt_tag.go:263.15,265.3 1 0
go-source/pkg/utils/encrypt_tag.go:268.2,272.31 3 0
go-source/pkg/utils/encrypt_tag.go:272.31,274.3 1 0
go-source/pkg/utils/encrypt_tag.go:276.2,276.31 1 0
go-source/pkg/utils/encrypt_tag.go:276.31,280.36 2 0
go-source/pkg/utils/encrypt_tag.go:280.36,282.18 2 0
go-source/pkg/utils/encrypt_tag.go:282.18,284.5 1 0
go-source/pkg/utils/encrypt_tag.go:285.4,286.12 2 0
go-source/pkg/utils/encrypt_tag.go:290.3,290.73 1 0
go-source/pkg/utils/encrypt_tag.go:290.73,292.18 2 0
go-source/pkg/utils/encrypt_tag.go:292.18,294.5 1 0
go-source/pkg/utils/encrypt_tag.go:295.4,295.50 1 0
go-source/pkg/utils/encrypt_tag.go:299.2,299.31 1 0
go-source/pkg/utils/encrypt_tag.go:303.82,304.15 1 0
go-source/pkg/utils/encrypt_tag.go:304.15,306.3 1 0
go-source/pkg/utils/encrypt_tag.go:308.2,311.32 2 0
go-source/pkg/utils/encrypt_tag.go:311.32,312.87 1 0
go-source/pkg/utils/encrypt_tag.go:312.87,314.4 1 0
go-source/pkg/utils/encrypt_tag.go:314.9,316.4 1 0
go-source/pkg/utils/encrypt_tag.go:320.2,320.66 1 0
go-source/pkg/utils/encrypt_tag.go:320.66,321.87 1 0
go-source/pkg/utils/encrypt_tag.go:321.87,323.4 1 0
go-source/pkg/utils/encrypt_tag.go:323.9,325.4 1 0
go-source/pkg/utils/encrypt_tag.go:329.2,329.31 1 0
go-source/pkg/utils/encrypt_tag.go:329.31,330.92 1 0
go-source/pkg/utils/encrypt_tag.go:330.92,332.4 1 0
go-source/pkg/utils/encrypt_tag.go:332.9,334.4 1 0
go-source/pkg/utils/encrypt_tag.go:337.2,337.19 1 0
go-source/pkg/utils/encrypt_tag.go:341.101,342.15 1 0
go-source/pkg/utils/encrypt_tag.go:342.15,344.3 1 0
go-source/pkg/utils/encrypt_tag.go:347.2,352.36 4 0
go-source/pkg/utils/encrypt_tag.go:352.36,355.3 2 0
go-source/pkg/utils/encrypt_tag.go:357.2,360.32 2 0
go-source/pkg/utils/encrypt_tag.go:360.32,362.3 1 0
go-source/pkg/utils/encrypt_tag.go:364.2,369.36 3 0
go-source/pkg/utils/encrypt_tag.go:369.36,373.77 2 0
go-source/pkg/utils/encrypt_tag.go:373.77,374.12 1 0
go-source/pkg/utils/encrypt_tag.go:378.3,378.122 1 0
go-source/pkg/utils/encrypt_tag.go:378.122,379.12 1 0
go-source/pkg/utils/encrypt_tag.go:382.3,384.54 2 0
go-source/pkg/utils/encrypt_tag.go:384.54,386.18 2 0
go-source/pkg/utils/encrypt_tag.go:386.18,388.5 1 0
go-source/pkg/utils/encrypt_tag.go:389.4,390.12 2 0
go-source/pkg/utils/encrypt_tag.go:393.3,393.94 1 0
go-source/pkg/utils/encrypt_tag.go:393.94,395.18 2 0
go-source/pkg/utils/encrypt_tag.go:395.18,397.5 1 0
go-source/pkg/utils/encrypt_tag.go:398.4,399.12 2 0
go-source/pkg/utils/encrypt_tag.go:402.3,402.37 1 0
go-source/pkg/utils/encrypt_tag.go:402.37,404.18 2 0
go-source/pkg/utils/encrypt_tag.go:404.18,406.5 1 0
go-source/pkg/utils/encrypt_tag.go:407.4,408.12 2 0
go-source/pkg/utils/encrypt_tag.go:411.3,411.75 1 0
go-source/pkg/utils/encrypt_tag.go:411.75,413.18 2 0
go-source/pkg/utils/encrypt_tag.go:413.18,415.5 1 0
go-source/pkg/utils/encrypt_tag.go:416.4,416.63 1 0
go-source/pkg/utils/encrypt_tag.go:420.2,420.11 1 0
go-source/pkg/utils/encrypt_tag.go:420.11,422.3 1 0
go-source/pkg/utils/encrypt_tag.go:424.2,424.32 1 0
go-source/pkg/utils/encrypt_tag.go:428.106,429.15 1 0
go-source/pkg/utils/encrypt_tag.go:429.15,431.3 1 0
go-source/pkg/utils/encrypt_tag.go:434.2,438.31 3 0
go-source/pkg/utils/encrypt_tag.go:438.31,440.3 1 0
go-source/pkg/utils/encrypt_tag.go:442.2,442.31 1 0
go-source/pkg/utils/encrypt_tag.go:442.31,446.36 2 0
go-source/pkg/utils/encrypt_tag.go:446.36,448.18 2 0
go-source/pkg/utils/encrypt_tag.go:448.18,450.5 1 0
go-source/pkg/utils/encrypt_tag.go:451.4,452.12 2 0
go-source/pkg/utils/encrypt_tag.go:456.3,456.73 1 0
go-source/pkg/utils/encrypt_tag.go:456.73,458.18 2 0
go-source/pkg/utils/encrypt_tag.go:458.18,460.5 1 0
go-source/pkg/utils/encrypt_tag.go:461.4,461.50 1 0
go-source/pkg/utils/encrypt_tag.go:465.2,465.27 1 0
go-source/pkg/utils/encrypt_tag.go:469.104,470.15 1 0
go-source/pkg/utils/encrypt_tag.go:470.15,472.3 1 0
go-source/pkg/utils/encrypt_tag.go:474.2,477.32 2 0
go-source/pkg/utils/encrypt_tag.go:477.32,478.96 1 0
go-source/pkg/utils/encrypt_tag.go:478.96,480.4 1 0
go-source/pkg/utils/encrypt_tag.go:480.9,482.4 1 0
go-source/pkg/utils/encrypt_tag.go:486.2,486.66 1 0
go-source/pkg/utils/encrypt_tag.go:486.66,487.96 1 0
go-source/pkg/utils/encrypt_tag.go:487.96,489.4 1 0
go-source/pkg/utils/encrypt_tag.go:489.9,491.4 1 0
go-source/pkg/utils/encrypt_tag.go:495.2,495.31 1 0
go-source/pkg/utils/encrypt_tag.go:495.31,496.101 1 0
go-source/pkg/utils/encrypt_tag.go:496.101,498.4 1 0
go-source/pkg/utils/encrypt_tag.go:498.9,500.4 1 0
go-source/pkg/utils/encrypt_tag.go:503.2,503.19 1 0
go-source/pkg/utils/generate_id.go:32.13,34.2 1 1
go-source/pkg/utils/generate_id.go:36.23,39.37 1 1
go-source/pkg/utils/generate_id.go:39.37,41.4 1 1
go-source/pkg/utils/generate_id.go:44.2,50.3 1 1
go-source/pkg/utils/generate_id.go:53.35,55.2 1 0
go-source/pkg/utils/generate_id.go:57.39,72.2 9 0
go-source/pkg/utils/generate_id.go:74.47,77.2 2 0
go-source/pkg/utils/generate_id.go:79.44,82.2 2 0
go-source/pkg/utils/generate_id.go:84.51,88.2 3 0
go-source/pkg/utils/generate_id.go:90.51,92.2 1 0
go-source/pkg/utils/generate_id.go:94.56,99.2 4 0
go-source/pkg/utils/generate_id.go:101.53,104.2 2 0
go-source/pkg/utils/generate_id.go:106.52,109.2 2 0
go-source/pkg/utils/generate_id.go:111.46,117.2 4 0
go-source/pkg/utils/generate_id.go:119.28,121.16 2 1
go-source/pkg/utils/generate_id.go:121.16,122.91 1 0
go-source/pkg/utils/generate_id.go:124.2,124.32 1 1
go-source/pkg/utils/hash.go:10.37,15.2 4 0
go-source/pkg/utils/hash.go:18.40,25.2 4 0
go-source/pkg/utils/rsa.go:8.88,14.16 3 0
go-source/pkg/utils/rsa.go:14.16,16.3 1 0
go-source/pkg/utils/rsa.go:18.2,19.23 2 0
go-source/pkg/utils/shamir.go:18.66,28.57 3 0
go-source/pkg/utils/shamir.go:28.57,30.3 1 0
go-source/pkg/utils/shamir.go:32.2,32.15 1 0
go-source/pkg/utils/shamir.go:36.46,38.12 1 0
go-source/pkg/utils/shamir.go:38.12,40.3 1 0
go-source/pkg/utils/shamir.go:43.2,45.35 3 0
go-source/pkg/utils/shamir.go:45.35,48.3 2 0
go-source/pkg/utils/shamir.go:49.2,49.12 1 0
go-source/pkg/utils/shamir.go:54.71,57.29 3 0
go-source/pkg/utils/shamir.go:57.29,59.30 2 0
go-source/pkg/utils/shamir.go:59.30,60.14 1 0
go-source/pkg/utils/shamir.go:60.14,61.13 1 0
go-source/pkg/utils/shamir.go:63.4,66.29 4 0
go-source/pkg/utils/shamir.go:68.3,69.30 2 0
go-source/pkg/utils/shamir.go:71.2,71.15 1 0
go-source/pkg/utils/shamir.go:75.28,76.12 1 0
go-source/pkg/utils/shamir.go:76.12,79.26 1 0
go-source/pkg/utils/shamir.go:82.2,86.19 3 0
go-source/pkg/utils/shamir.go:90.29,103.2 11 0
go-source/pkg/utils/shamir.go:106.35,110.12 3 0
go-source/pkg/utils/shamir.go:110.12,113.3 2 0
go-source/pkg/utils/shamir.go:115.2,115.10 1 0
go-source/pkg/utils/shamir.go:120.28,122.2 1 0
go-source/pkg/utils/shamir.go:129.73,131.23 1 0
go-source/pkg/utils/shamir.go:131.23,133.3 1 0
go-source/pkg/utils/shamir.go:134.2,134.17 1 0
go-source/pkg/utils/shamir.go:134.17,136.3 1 0
go-source/pkg/utils/shamir.go:137.2,137.19 1 0
go-source/pkg/utils/shamir.go:137.19,139.3 1 0
go-source/pkg/utils/shamir.go:140.2,140.21 1 0
go-source/pkg/utils/shamir.go:140.21,142.3 1 0
go-source/pkg/utils/shamir.go:143.2,143.22 1 0
go-source/pkg/utils/shamir.go:143.22,145.3 1 0
go-source/pkg/utils/shamir.go:148.2,155.23 4 0
go-source/pkg/utils/shamir.go:155.23,158.3 2 0
go-source/pkg/utils/shamir.go:164.2,164.31 1 0
go-source/pkg/utils/shamir.go:164.31,166.17 2 0
go-source/pkg/utils/shamir.go:166.17,168.4 1 0
go-source/pkg/utils/shamir.go:173.3,173.30 1 0
go-source/pkg/utils/shamir.go:173.30,177.4 3 0
go-source/pkg/utils/shamir.go:181.2,181.17 1 0
go-source/pkg/utils/shamir.go:186.52,188.20 1 0
go-source/pkg/utils/shamir.go:188.20,190.3 1 0
go-source/pkg/utils/shamir.go:193.2,194.22 2 0
go-source/pkg/utils/shamir.go:194.22,196.3 1 0
go-source/pkg/utils/shamir.go:197.2,197.34 1 0
go-source/pkg/utils/shamir.go:197.34,198.36 1 0
go-source/pkg/utils/shamir.go:198.36,200.4 1 0
go-source/pkg/utils/shamir.go:204.2,213.29 5 0
go-source/pkg/utils/shamir.go:213.29,215.39 2 0
go-source/pkg/utils/shamir.go:215.39,217.4 1 0
go-source/pkg/utils/shamir.go:218.3,219.21 2 0
go-source/pkg/utils/shamir.go:223.2,223.26 1 0
go-source/pkg/utils/shamir.go:223.26,225.30 1 0
go-source/pkg/utils/shamir.go:225.30,227.4 1 0
go-source/pkg/utils/shamir.go:230.3,233.20 2 0
go-source/pkg/utils/shamir.go:235.2,235.20 1 0
go-source/pkg/utils/sql_template.go:10.56,12.33 2 0
go-source/pkg/utils/sql_template.go:12.33,14.3 1 0
go-source/pkg/utils/sql_template.go:15.2,15.21 1 0
go-source/pkg/utils/sql_template.go:18.60,20.39 2 0
go-source/pkg/utils/sql_template.go:20.39,22.3 1 0
go-source/pkg/utils/sql_template.go:24.2,26.40 3 0
go-source/pkg/utils/sql_template.go:26.40,30.26 3 0
go-source/pkg/utils/sql_template.go:33.37,36.9 2 0
go-source/pkg/utils/sql_template.go:37.23,40.9 2 0
go-source/pkg/utils/sql_template.go:41.11,42.87 1 0
go-source/pkg/utils/sql_template.go:46.2,46.43 1 0
go-source/pkg/utils/sql_template.go:49.79,51.26 2 0
go-source/pkg/utils/sql_template.go:54.36,57.8 2 0
go-source/pkg/utils/sql_template.go:58.22,61.8 2 0
go-source/pkg/utils/sql_template.go:62.10,63.77 1 0
go-source/pkg/utils/sql_template.go:66.2,66.19 1 0
go-source/pkg/utils/sql_template.go:69.76,71.16 2 0
go-source/pkg/utils/sql_template.go:71.16,73.3 1 0
go-source/pkg/utils/sql_template.go:75.2,76.19 2 0
go-source/pkg/utils/sql_template.go:79.84,81.31 2 0
go-source/pkg/utils/sql_template.go:81.31,84.24 3 0
go-source/pkg/utils/sql_template.go:84.24,85.12 1 0
go-source/pkg/utils/sql_template.go:88.3,89.37 2 0
go-source/pkg/utils/sql_template.go:89.37,90.35 1 0
go-source/pkg/utils/sql_template.go:90.35,92.5 1 0
go-source/pkg/utils/sql_template.go:95.3,100.31 4 0
go-source/pkg/utils/sql_template.go:101.11,103.18 2 0
go-source/pkg/utils/sql_template.go:103.18,105.5 1 0
go-source/pkg/utils/sql_template.go:106.15,108.18 2 0
go-source/pkg/utils/sql_template.go:108.18,110.5 1 0
go-source/pkg/utils/sql_template.go:111.11,112.77 1 0
go-source/pkg/utils/sql_template.go:116.2,116.19 1 0
go-source/pkg/utils/string.go:5.36,7.22 2 0
go-source/pkg/utils/string.go:7.22,8.36 1 0
go-source/pkg/utils/string.go:8.36,10.4 1 0
go-source/pkg/utils/string.go:11.3,11.23 1 0
go-source/pkg/utils/string.go:13.2,13.42 1 0
go-source/pkg/utils/template.go:9.82,11.16 2 0
go-source/pkg/utils/template.go:11.16,13.3 1 0
go-source/pkg/utils/template.go:15.2,17.27 2 0
go-source/pkg/utils/template.go:17.27,19.54 2 0
go-source/pkg/utils/template.go:19.54,21.4 1 0
go-source/pkg/utils/template.go:21.9,23.4 1 0
go-source/pkg/utils/template.go:26.2,26.22 1 0
go-source/pkg/utils/utils.go:22.60,25.9 3 0
go-source/pkg/utils/utils.go:25.9,27.3 1 0
go-source/pkg/utils/utils.go:28.2,28.19 1 0
go-source/pkg/utils/utils.go:31.80,33.22 2 0
go-source/pkg/utils/utils.go:33.22,35.3 1 0
go-source/pkg/utils/utils.go:37.2,38.24 2 0
go-source/pkg/utils/utils.go:41.71,45.22 3 0
go-source/pkg/utils/utils.go:45.22,47.3 1 0
go-source/pkg/utils/utils.go:49.2,49.53 1 0
go-source/pkg/utils/utils.go:49.53,51.3 1 0
go-source/pkg/utils/utils.go:53.2,53.15 1 0
go-source/pkg/utils/utils.go:56.26,59.2 2 0
go-source/pkg/utils/utils.go:61.40,63.27 2 0
go-source/pkg/utils/utils.go:63.27,65.3 1 0
go-source/pkg/utils/utils.go:66.2,66.15 1 0
go-source/pkg/utils/utils.go:69.43,70.19 1 0
go-source/pkg/utils/utils.go:70.19,72.3 1 0
go-source/pkg/utils/utils.go:74.2,74.16 1 0
go-source/pkg/utils/utils.go:74.16,76.3 1 0
go-source/pkg/utils/utils.go:78.2,78.59 1 0
go-source/pkg/utils/utils.go:81.45,82.18 1 0
go-source/pkg/utils/utils.go:82.18,84.3 1 0
go-source/pkg/utils/utils.go:86.2,86.35 1 0
go-source/pkg/utils/utils.go:86.35,88.3 1 0
go-source/pkg/utils/utils.go:90.2,90.35 1 0
go-source/pkg/utils/utils.go:90.35,92.3 1 0
go-source/pkg/utils/utils.go:94.2,95.16 2 0
go-source/pkg/utils/utils.go:95.16,97.3 1 0
go-source/pkg/utils/utils.go:99.2,99.31 1 0
go-source/pkg/utils/utils.go:102.53,108.32 4 0
go-source/pkg/utils/utils.go:108.32,111.3 2 0
go-source/pkg/utils/utils.go:113.2,114.26 2 0
go-source/pkg/utils/utils.go:114.26,116.3 1 0
go-source/pkg/utils/utils.go:118.2,118.13 1 0
go-source/pkg/utils/utils.go:129.46,133.41 3 0
go-source/pkg/utils/utils.go:133.41,135.3 1 0
go-source/pkg/utils/utils.go:137.2,137.36 1 0
go-source/pkg/utils/utils.go:137.36,138.60 1 0
go-source/pkg/utils/utils.go:138.60,140.4 1 0
go-source/pkg/utils/utils.go:143.2,143.13 1 0
go-source/pkg/utils/utils.go:147.64,153.36 5 0
go-source/pkg/utils/utils.go:153.36,157.3 3 0
go-source/pkg/utils/utils.go:160.2,164.27 3 0
go-source/pkg/utils/utils.go:164.27,166.59 2 0
go-source/pkg/utils/utils.go:166.59,168.4 1 0
go-source/pkg/utils/utils.go:168.9,170.4 1 0
go-source/pkg/utils/utils.go:173.2,173.50 1 0
go-source/pkg/utils/utils.go:176.100,177.29 1 0
go-source/pkg/utils/utils.go:177.29,179.3 1 0
go-source/pkg/utils/utils.go:181.2,182.42 2 0
go-source/pkg/utils/utils.go:182.42,185.17 3 0
go-source/pkg/utils/utils.go:185.17,187.4 1 0
go-source/pkg/utils/utils.go:189.3,189.33 1 0
go-source/pkg/utils/utils.go:192.2,192.40 1 0
go-source/pkg/utils/utils.go:196.24,198.2 1 0
go-source/pkg/utils/utils.go:201.44,209.30 3 0
go-source/pkg/utils/utils.go:209.30,211.15 1 0
go-source/pkg/utils/utils.go:211.15,213.4 1 0
go-source/pkg/utils/utils.go:217.2,217.23 1 0
go-source/repositories/entity/model.go:16.39,18.2 1 0
go-source/repositories/entity/model.go:20.48,22.2 1 0
go-source/repositories/entity/repository.go:27.80,28.17 1 0
go-source/repositories/entity/repository.go:28.17,32.3 1 0
go-source/repositories/entity/repository.go:33.2,33.17 1 0
go-source/repositories/entity/repository.go:36.50,40.2 1 0
go-source/repositories/entity/repository.go:42.74,48.2 3 0
go-source/repositories/entity/repository.go:50.76,52.26 2 0
go-source/repositories/entity/repository.go:52.26,54.3 1 0
go-source/repositories/entity/repository.go:55.2,55.12 1 0
go-source/repositories/entity/repository.go:58.93,60.16 2 0
go-source/repositories/entity/repository.go:60.16,61.43 1 0
go-source/repositories/entity/repository.go:61.43,63.4 1 0
go-source/repositories/entity/repository.go:64.3,64.18 1 0
go-source/repositories/entity/repository.go:66.2,66.16 1 0
go-source/test/mocks/entity/repository.go:34.79,38.2 3 1
go-source/test/mocks/entity/repository.go:41.77,43.2 1 1
go-source/test/mocks/entity/repository.go:46.88,51.2 4 1
go-source/test/mocks/entity/repository.go:54.81,57.2 2 1
go-source/test/mocks/entity/repository.go:60.105,66.2 5 1
go-source/test/mocks/entity/repository.go:69.76,72.2 2 1
